{"C:\\Users\\Yash\\Desktop\\AGCL\\CompailanceOS\\backend\\package.json": {"path":"C:\\Users\\Yash\\Desktop\\AGCL\\CompailanceOS\\backend\\package.json","statementMap":{"0":{"start":{"line":1,"column":20},"end":{"line":1,"column":29}},"1":{"start":{"line":2,"column":23},"end":{"line":2,"column":30}},"2":{"start":{"line":3,"column":27},"end":{"line":3,"column":29}},"3":{"start":{"line":4,"column":20},"end":{"line":4,"column":30}},"4":{"start":{"line":5,"column":23},"end":{"line":5,"column":366}},"5":{"start":{"line":6,"column":24},"end":{"line":6,"column":26}},"6":{"start":{"line":7,"column":22},"end":{"line":7,"column":24}},"7":{"start":{"line":8,"column":23},"end":{"line":8,"column":28}},"8":{"start":{"line":9,"column":20},"end":{"line":9,"column":30}},"9":{"start":{"line":10,"column":28},"end":{"line":10,"column":500}},"10":{"start":{"line":11,"column":31},"end":{"line":11,"column":631}}},"fnMap":{},"branchMap":{},"s":{"0":3,"1":3,"2":3,"3":3,"4":3,"5":3,"6":3,"7":3,"8":3,"9":3,"10":3},"f":{},"b":{},"meta":{"lastBranch":0,"lastFunction":0,"lastStatement":11,"seen":{"s:1:20:1:29":0,"s:2:23:2:30":1,"s:3:27:3:29":2,"s:4:20:4:30":3,"s:5:23:5:366":4,"s:6:24:6:26":5,"s:7:22:7:24":6,"s:8:23:8:28":7,"s:9:20:9:30":8,"s:10:28:10:500":9,"s:11:31:11:631":10}}}
,"C:\\Users\\Yash\\Desktop\\AGCL\\CompailanceOS\\backend\\src\\app.ts": {"path":"C:\\Users\\Yash\\Desktop\\AGCL\\CompailanceOS\\backend\\src\\app.ts","statementMap":{"0":{"start":{"line":14,"column":6},"end":{"line":14,"column":34}},"1":{"start":{"line":17,"column":0},"end":{"line":17,"column":null}},"2":{"start":{"line":20,"column":0},"end":{"line":20,"column":null}},"3":{"start":{"line":23,"column":0},"end":{"line":23,"column":null}},"4":{"start":{"line":26,"column":0},"end":{"line":26,"column":null}},"5":{"start":{"line":29,"column":0},"end":{"line":29,"column":null}},"6":{"start":{"line":32,"column":0},"end":{"line":32,"column":null}},"7":{"start":{"line":35,"column":0},"end":{"line":35,"column":null}},"8":{"start":{"line":38,"column":0},"end":{"line":38,"column":null}},"9":{"start":{"line":41,"column":0},"end":{"line":41,"column":null}},"10":{"start":{"line":42,"column":0},"end":{"line":42,"column":null}},"11":{"start":{"line":45,"column":0},"end":{"line":47,"column":null}},"12":{"start":{"line":46,"column":2},"end":{"line":46,"column":null}},"13":{"start":{"line":50,"column":0},"end":{"line":50,"column":null}},"14":{"start":{"line":53,"column":0},"end":{"line":53,"column":null}}},"fnMap":{"0":{"name":"(anonymous_0)","decl":{"start":{"line":45,"column":8},"end":{"line":45,"column":14}},"loc":{"start":{"line":45,"column":46},"end":{"line":47,"column":null}},"line":45}},"branchMap":{},"s":{"0":3,"1":3,"2":3,"3":3,"4":3,"5":3,"6":3,"7":3,"8":3,"9":3,"10":3,"11":3,"12":1,"13":3,"14":3},"f":{"0":1},"b":{},"meta":{"lastBranch":0,"lastFunction":1,"lastStatement":15,"seen":{"s:14:6:14:34":0,"s:17:0:17:Infinity":1,"s:20:0:20:Infinity":2,"s:23:0:23:Infinity":3,"s:26:0:26:Infinity":4,"s:29:0:29:Infinity":5,"s:32:0:32:Infinity":6,"s:35:0:35:Infinity":7,"s:38:0:38:Infinity":8,"s:41:0:41:Infinity":9,"s:42:0:42:Infinity":10,"s:45:0:47:Infinity":11,"f:45:8:45:14":0,"s:46:2:46:Infinity":12,"s:50:0:50:Infinity":13,"s:53:0:53:Infinity":14}}}
,"C:\\Users\\Yash\\Desktop\\AGCL\\CompailanceOS\\backend\\src\\config\\cors.config.ts": {"path":"C:\\Users\\Yash\\Desktop\\AGCL\\CompailanceOS\\backend\\src\\config\\cors.config.ts","statementMap":{"0":{"start":{"line":3,"column":26},"end":{"line":21,"column":null}},"1":{"start":{"line":7,"column":4},"end":{"line":8,"column":null}},"2":{"start":{"line":8,"column":6},"end":{"line":8,"column":null}},"3":{"start":{"line":11,"column":27},"end":{"line":11,"column":76}},"4":{"start":{"line":11,"column":67},"end":{"line":11,"column":75}},"5":{"start":{"line":12,"column":4},"end":{"line":15,"column":null}},"6":{"start":{"line":13,"column":6},"end":{"line":13,"column":null}},"7":{"start":{"line":15,"column":6},"end":{"line":15,"column":null}}},"fnMap":{"0":{"name":"(anonymous_0)","decl":{"start":{"line":4,"column":2},"end":{"line":4,"column":11}},"loc":{"start":{"line":4,"column":98},"end":{"line":15,"column":null}},"line":4},"1":{"name":"(anonymous_1)","decl":{"start":{"line":11,"column":58},"end":{"line":11,"column":62}},"loc":{"start":{"line":11,"column":67},"end":{"line":11,"column":75}},"line":11}},"branchMap":{"0":{"loc":{"start":{"line":7,"column":4},"end":{"line":8,"column":null}},"type":"if","locations":[{"start":{"line":7,"column":4},"end":{"line":8,"column":null}},{"start":{},"end":{}}],"line":7},"1":{"loc":{"start":{"line":12,"column":4},"end":{"line":15,"column":null}},"type":"if","locations":[{"start":{"line":12,"column":4},"end":{"line":15,"column":null}},{"start":{"line":14,"column":11},"end":{"line":15,"column":null}}],"line":12},"2":{"loc":{"start":{"line":12,"column":8},"end":{"line":12,"column":50}},"type":"binary-expr","locations":[{"start":{"line":12,"column":8},"end":{"line":12,"column":19}},{"start":{"line":12,"column":19},"end":{"line":12,"column":50}}],"line":12}},"s":{"0":3,"1":7,"2":0,"3":7,"4":7,"5":7,"6":7,"7":0},"f":{"0":7,"1":7},"b":{"0":[0,7],"1":[7,0],"2":[7,0]},"meta":{"lastBranch":3,"lastFunction":2,"lastStatement":8,"seen":{"s:3:26:21:Infinity":0,"f:4:2:4:11":0,"b:7:4:8:Infinity:undefined:undefined:undefined:undefined":0,"s:7:4:8:Infinity":1,"s:8:6:8:Infinity":2,"s:11:27:11:76":3,"f:11:58:11:62":1,"s:11:67:11:75":4,"b:12:4:15:Infinity:14:11:15:Infinity":1,"s:12:4:15:Infinity":5,"b:12:8:12:19:12:19:12:50":2,"s:13:6:13:Infinity":6,"s:15:6:15:Infinity":7}}}
,"C:\\Users\\Yash\\Desktop\\AGCL\\CompailanceOS\\backend\\src\\config\\env.config.ts": {"path":"C:\\Users\\Yash\\Desktop\\AGCL\\CompailanceOS\\backend\\src\\config\\env.config.ts","statementMap":{"0":{"start":{"line":5,"column":0},"end":{"line":5,"column":null}},"1":{"start":{"line":7,"column":18},"end":{"line":20,"column":2}},"2":{"start":{"line":9,"column":54},"end":{"line":9,"column":71}},"3":{"start":{"line":22,"column":13},"end":{"line":22,"column":45}},"4":{"start":{"line":24,"column":0},"end":{"line":29,"column":null}},"5":{"start":{"line":25,"column":2},"end":{"line":25,"column":null}},"6":{"start":{"line":26,"column":2},"end":{"line":28,"column":null}},"7":{"start":{"line":27,"column":4},"end":{"line":27,"column":null}},"8":{"start":{"line":29,"column":2},"end":{"line":29,"column":null}}},"fnMap":{"0":{"name":"(anonymous_0)","decl":{"start":{"line":9,"column":35},"end":{"line":9,"column":46}},"loc":{"start":{"line":9,"column":54},"end":{"line":9,"column":71}},"line":9},"1":{"name":"(anonymous_1)","decl":{"start":{"line":26,"column":20},"end":{"line":26,"column":29}},"loc":{"start":{"line":26,"column":39},"end":{"line":28,"column":null}},"line":26}},"branchMap":{"0":{"loc":{"start":{"line":24,"column":0},"end":{"line":29,"column":null}},"type":"if","locations":[{"start":{"line":24,"column":0},"end":{"line":29,"column":null}},{"start":{},"end":{}}],"line":24}},"s":{"0":5,"1":5,"2":5,"3":5,"4":5,"5":0,"6":0,"7":0,"8":0},"f":{"0":5,"1":0},"b":{"0":[0,5]},"meta":{"lastBranch":1,"lastFunction":2,"lastStatement":9,"seen":{"s:5:0:5:Infinity":0,"s:7:18:20:2":1,"f:9:35:9:46":0,"s:9:54:9:71":2,"s:22:13:22:45":3,"b:24:0:29:Infinity:undefined:undefined:undefined:undefined":0,"s:24:0:29:Infinity":4,"s:25:2:25:Infinity":5,"s:26:2:28:Infinity":6,"f:26:20:26:29":1,"s:27:4:27:Infinity":7,"s:29:2:29:Infinity":8}}}
,"C:\\Users\\Yash\\Desktop\\AGCL\\CompailanceOS\\backend\\src\\config\\firebase.config.ts": {"path":"C:\\Users\\Yash\\Desktop\\AGCL\\CompailanceOS\\backend\\src\\config\\firebase.config.ts","statementMap":{"0":{"start":{"line":7,"column":6},"end":{"line":27,"column":null}},"1":{"start":{"line":8,"column":4},"end":{"line":27,"column":null}},"2":{"start":{"line":9,"column":35},"end":{"line":9,"column":98}},"3":{"start":{"line":11,"column":8},"end":{"line":13,"column":null}},"4":{"start":{"line":12,"column":12},"end":{"line":12,"column":null}},"5":{"start":{"line":13,"column":12},"end":{"line":13,"column":null}},"6":{"start":{"line":16,"column":31},"end":{"line":16,"column":87}},"7":{"start":{"line":18,"column":8},"end":{"line":21,"column":null}},"8":{"start":{"line":23,"column":8},"end":{"line":23,"column":null}},"9":{"start":{"line":24,"column":8},"end":{"line":24,"column":null}},"10":{"start":{"line":26,"column":8},"end":{"line":26,"column":null}},"11":{"start":{"line":27,"column":8},"end":{"line":27,"column":null}},"12":{"start":{"line":31,"column":23},"end":{"line":31,"column":43}},"13":{"start":{"line":32,"column":22},"end":{"line":32,"column":34}},"14":{"start":{"line":33,"column":27},"end":{"line":33,"column":44}}},"fnMap":{"0":{"name":"(anonymous_0)","decl":{"start":{"line":7,"column":6},"end":{"line":7,"column":33}},"loc":{"start":{"line":7,"column":33},"end":{"line":27,"column":null}},"line":7}},"branchMap":{"0":{"loc":{"start":{"line":11,"column":8},"end":{"line":13,"column":null}},"type":"if","locations":[{"start":{"line":11,"column":8},"end":{"line":13,"column":null}},{"start":{},"end":{}}],"line":11}},"s":{"0":3,"1":3,"2":3,"3":3,"4":0,"5":0,"6":3,"7":3,"8":3,"9":3,"10":0,"11":0,"12":3,"13":3,"14":3},"f":{"0":3},"b":{"0":[0,3]},"meta":{"lastBranch":1,"lastFunction":1,"lastStatement":15,"seen":{"s:7:6:27:Infinity":0,"f:7:6:7:33":0,"s:8:4:27:Infinity":1,"s:9:35:9:98":2,"b:11:8:13:Infinity:undefined:undefined:undefined:undefined":0,"s:11:8:13:Infinity":3,"s:12:12:12:Infinity":4,"s:13:12:13:Infinity":5,"s:16:31:16:87":6,"s:18:8:21:Infinity":7,"s:23:8:23:Infinity":8,"s:24:8:24:Infinity":9,"s:26:8:26:Infinity":10,"s:27:8:27:Infinity":11,"s:31:23:31:43":12,"s:32:22:32:34":13,"s:33:27:33:44":14}}}
,"C:\\Users\\Yash\\Desktop\\AGCL\\CompailanceOS\\backend\\src\\config\\helmet.config.ts": {"path":"C:\\Users\\Yash\\Desktop\\AGCL\\CompailanceOS\\backend\\src\\config\\helmet.config.ts","statementMap":{"0":{"start":{"line":3,"column":13},"end":{"line":20,"column":2}}},"fnMap":{},"branchMap":{},"s":{"0":3},"f":{},"b":{},"meta":{"lastBranch":0,"lastFunction":0,"lastStatement":1,"seen":{"s:3:13:20:2":0}}}
,"C:\\Users\\Yash\\Desktop\\AGCL\\CompailanceOS\\backend\\src\\config\\multer.ts": {"path":"C:\\Users\\Yash\\Desktop\\AGCL\\CompailanceOS\\backend\\src\\config\\multer.ts","statementMap":{"0":{"start":{"line":5,"column":16},"end":{"line":13,"column":2}},"1":{"start":{"line":7,"column":4},"end":{"line":7,"column":null}},"2":{"start":{"line":10,"column":25},"end":{"line":10,"column":75}},"3":{"start":{"line":11,"column":4},"end":{"line":11,"column":null}},"4":{"start":{"line":15,"column":6},"end":{"line":29,"column":null}},"5":{"start":{"line":16,"column":23},"end":{"line":24,"column":null}},"6":{"start":{"line":26,"column":2},"end":{"line":29,"column":null}},"7":{"start":{"line":27,"column":4},"end":{"line":27,"column":null}},"8":{"start":{"line":29,"column":4},"end":{"line":29,"column":null}},"9":{"start":{"line":33,"column":13},"end":{"line":39,"column":2}}},"fnMap":{"0":{"name":"(anonymous_0)","decl":{"start":{"line":6,"column":2},"end":{"line":6,"column":16}},"loc":{"start":{"line":6,"column":34},"end":{"line":7,"column":null}},"line":6},"1":{"name":"(anonymous_1)","decl":{"start":{"line":9,"column":2},"end":{"line":9,"column":13}},"loc":{"start":{"line":9,"column":31},"end":{"line":11,"column":null}},"line":9},"2":{"name":"(anonymous_2)","decl":{"start":{"line":15,"column":6},"end":{"line":15,"column":20}},"loc":{"start":{"line":15,"column":53},"end":{"line":29,"column":null}},"line":15}},"branchMap":{"0":{"loc":{"start":{"line":26,"column":2},"end":{"line":29,"column":null}},"type":"if","locations":[{"start":{"line":26,"column":2},"end":{"line":29,"column":null}},{"start":{"line":28,"column":9},"end":{"line":29,"column":null}}],"line":26}},"s":{"0":3,"1":0,"2":0,"3":0,"4":3,"5":0,"6":0,"7":0,"8":0,"9":3},"f":{"0":0,"1":0,"2":0},"b":{"0":[0,0]},"meta":{"lastBranch":1,"lastFunction":3,"lastStatement":10,"seen":{"s:5:16:13:2":0,"f:6:2:6:16":0,"s:7:4:7:Infinity":1,"f:9:2:9:13":1,"s:10:25:10:75":2,"s:11:4:11:Infinity":3,"s:15:6:29:Infinity":4,"f:15:6:15:20":2,"s:16:23:24:Infinity":5,"b:26:2:29:Infinity:28:9:29:Infinity":0,"s:26:2:29:Infinity":6,"s:27:4:27:Infinity":7,"s:29:4:29:Infinity":8,"s:33:13:39:2":9}}}
,"C:\\Users\\Yash\\Desktop\\AGCL\\CompailanceOS\\backend\\src\\config\\rateLimit.config.ts": {"path":"C:\\Users\\Yash\\Desktop\\AGCL\\CompailanceOS\\backend\\src\\config\\rateLimit.config.ts","statementMap":{"0":{"start":{"line":3,"column":13},"end":{"line":9,"column":2}},"1":{"start":{"line":11,"column":13},"end":{"line":17,"column":2}}},"fnMap":{},"branchMap":{},"s":{"0":3,"1":3},"f":{},"b":{},"meta":{"lastBranch":0,"lastFunction":0,"lastStatement":2,"seen":{"s:3:13:9:2":0,"s:11:13:17:2":1}}}
,"C:\\Users\\Yash\\Desktop\\AGCL\\CompailanceOS\\backend\\src\\config\\swagger.config.ts": {"path":"C:\\Users\\Yash\\Desktop\\AGCL\\CompailanceOS\\backend\\src\\config\\swagger.config.ts","statementMap":{"0":{"start":{"line":4,"column":38},"end":{"line":108,"column":null}},"1":{"start":{"line":110,"column":6},"end":{"line":110,"column":41}}},"fnMap":{},"branchMap":{},"s":{"0":3,"1":3},"f":{},"b":{},"meta":{"lastBranch":0,"lastFunction":0,"lastStatement":2,"seen":{"s:4:38:108:Infinity":0,"s:110:6:110:41":1}}}
,"C:\\Users\\Yash\\Desktop\\AGCL\\CompailanceOS\\backend\\src\\controllers\\auth.controller.ts": {"path":"C:\\Users\\Yash\\Desktop\\AGCL\\CompailanceOS\\backend\\src\\controllers\\auth.controller.ts","statementMap":{"0":{"start":{"line":6,"column":37},"end":{"line":12,"column":null}},"1":{"start":{"line":14,"column":30},"end":{"line":164,"column":null}},"2":{"start":{"line":16,"column":4},"end":{"line":29,"column":null}},"3":{"start":{"line":17,"column":21},"end":{"line":17,"column":57}},"4":{"start":{"line":19,"column":6},"end":{"line":19,"column":null}},"5":{"start":{"line":21,"column":6},"end":{"line":27,"column":null}},"6":{"start":{"line":29,"column":6},"end":{"line":29,"column":null}},"7":{"start":{"line":34,"column":4},"end":{"line":47,"column":null}},"8":{"start":{"line":35,"column":21},"end":{"line":35,"column":54}},"9":{"start":{"line":37,"column":6},"end":{"line":37,"column":null}},"10":{"start":{"line":39,"column":6},"end":{"line":45,"column":null}},"11":{"start":{"line":47,"column":6},"end":{"line":47,"column":null}},"12":{"start":{"line":52,"column":4},"end":{"line":69,"column":null}},"13":{"start":{"line":53,"column":20},"end":{"line":53,"column":null}},"14":{"start":{"line":54,"column":6},"end":{"line":55,"column":null}},"15":{"start":{"line":55,"column":8},"end":{"line":55,"column":null}},"16":{"start":{"line":58,"column":21},"end":{"line":58,"column":58}},"17":{"start":{"line":60,"column":6},"end":{"line":60,"column":null}},"18":{"start":{"line":62,"column":6},"end":{"line":67,"column":null}},"19":{"start":{"line":69,"column":6},"end":{"line":69,"column":null}},"20":{"start":{"line":74,"column":4},"end":{"line":83,"column":null}},"21":{"start":{"line":75,"column":20},"end":{"line":75,"column":null}},"22":{"start":{"line":76,"column":6},"end":{"line":77,"column":null}},"23":{"start":{"line":77,"column":8},"end":{"line":77,"column":null}},"24":{"start":{"line":80,"column":6},"end":{"line":80,"column":null}},"25":{"start":{"line":81,"column":6},"end":{"line":81,"column":null}},"26":{"start":{"line":83,"column":6},"end":{"line":83,"column":null}},"27":{"start":{"line":88,"column":4},"end":{"line":92,"column":null}},"28":{"start":{"line":89,"column":6},"end":{"line":89,"column":null}},"29":{"start":{"line":90,"column":6},"end":{"line":90,"column":null}},"30":{"start":{"line":92,"column":6},"end":{"line":92,"column":null}},"31":{"start":{"line":97,"column":4},"end":{"line":101,"column":null}},"32":{"start":{"line":98,"column":6},"end":{"line":98,"column":null}},"33":{"start":{"line":99,"column":6},"end":{"line":99,"column":null}},"34":{"start":{"line":101,"column":6},"end":{"line":101,"column":null}},"35":{"start":{"line":106,"column":4},"end":{"line":111,"column":null}},"36":{"start":{"line":107,"column":30},"end":{"line":107,"column":null}},"37":{"start":{"line":108,"column":21},"end":{"line":108,"column":64}},"38":{"start":{"line":109,"column":6},"end":{"line":109,"column":null}},"39":{"start":{"line":111,"column":6},"end":{"line":111,"column":null}},"40":{"start":{"line":116,"column":4},"end":{"line":129,"column":null}},"41":{"start":{"line":117,"column":21},"end":{"line":117,"column":65}},"42":{"start":{"line":119,"column":6},"end":{"line":119,"column":null}},"43":{"start":{"line":121,"column":6},"end":{"line":127,"column":null}},"44":{"start":{"line":129,"column":6},"end":{"line":129,"column":null}},"45":{"start":{"line":134,"column":4},"end":{"line":161,"column":null}},"46":{"start":{"line":135,"column":33},"end":{"line":135,"column":null}},"47":{"start":{"line":136,"column":27},"end":{"line":136,"column":null}},"48":{"start":{"line":138,"column":6},"end":{"line":139,"column":null}},"49":{"start":{"line":139,"column":8},"end":{"line":139,"column":null}},"50":{"start":{"line":142,"column":21},"end":{"line":149,"column":8}},"51":{"start":{"line":151,"column":6},"end":{"line":151,"column":null}},"52":{"start":{"line":153,"column":6},"end":{"line":159,"column":null}},"53":{"start":{"line":161,"column":6},"end":{"line":161,"column":null}}},"fnMap":{"0":{"name":"(anonymous_0)","decl":{"start":{"line":15,"column":8},"end":{"line":15,"column":17}},"loc":{"start":{"line":15,"column":66},"end":{"line":29,"column":null}},"line":15},"1":{"name":"(anonymous_1)","decl":{"start":{"line":33,"column":8},"end":{"line":33,"column":14}},"loc":{"start":{"line":33,"column":63},"end":{"line":47,"column":null}},"line":33},"2":{"name":"(anonymous_2)","decl":{"start":{"line":51,"column":8},"end":{"line":51,"column":21}},"loc":{"start":{"line":51,"column":70},"end":{"line":69,"column":null}},"line":51},"3":{"name":"(anonymous_3)","decl":{"start":{"line":73,"column":8},"end":{"line":73,"column":15}},"loc":{"start":{"line":73,"column":64},"end":{"line":83,"column":null}},"line":73},"4":{"name":"(anonymous_4)","decl":{"start":{"line":87,"column":8},"end":{"line":87,"column":23}},"loc":{"start":{"line":87,"column":72},"end":{"line":92,"column":null}},"line":87},"5":{"name":"(anonymous_5)","decl":{"start":{"line":96,"column":8},"end":{"line":96,"column":22}},"loc":{"start":{"line":96,"column":71},"end":{"line":101,"column":null}},"line":96},"6":{"name":"(anonymous_6)","decl":{"start":{"line":105,"column":8},"end":{"line":105,"column":21}},"loc":{"start":{"line":105,"column":70},"end":{"line":111,"column":null}},"line":105},"7":{"name":"(anonymous_7)","decl":{"start":{"line":115,"column":8},"end":{"line":115,"column":25}},"loc":{"start":{"line":115,"column":74},"end":{"line":129,"column":null}},"line":115},"8":{"name":"(anonymous_8)","decl":{"start":{"line":133,"column":8},"end":{"line":133,"column":21}},"loc":{"start":{"line":133,"column":70},"end":{"line":161,"column":null}},"line":133}},"branchMap":{"0":{"loc":{"start":{"line":54,"column":6},"end":{"line":55,"column":null}},"type":"if","locations":[{"start":{"line":54,"column":6},"end":{"line":55,"column":null}},{"start":{},"end":{}}],"line":54},"1":{"loc":{"start":{"line":76,"column":6},"end":{"line":77,"column":null}},"type":"if","locations":[{"start":{"line":76,"column":6},"end":{"line":77,"column":null}},{"start":{},"end":{}}],"line":76},"2":{"loc":{"start":{"line":138,"column":6},"end":{"line":139,"column":null}},"type":"if","locations":[{"start":{"line":138,"column":6},"end":{"line":139,"column":null}},{"start":{},"end":{}}],"line":138}},"s":{"0":3,"1":3,"2":0,"3":0,"4":0,"5":0,"6":0,"7":0,"8":0,"9":0,"10":0,"11":0,"12":0,"13":0,"14":0,"15":0,"16":0,"17":0,"18":0,"19":0,"20":0,"21":0,"22":0,"23":0,"24":0,"25":0,"26":0,"27":0,"28":0,"29":0,"30":0,"31":0,"32":0,"33":0,"34":0,"35":0,"36":0,"37":0,"38":0,"39":0,"40":0,"41":0,"42":0,"43":0,"44":0,"45":0,"46":0,"47":0,"48":0,"49":0,"50":0,"51":0,"52":0,"53":0},"f":{"0":0,"1":0,"2":0,"3":0,"4":0,"5":0,"6":0,"7":0,"8":0},"b":{"0":[0,0],"1":[0,0],"2":[0,0]},"meta":{"lastBranch":3,"lastFunction":9,"lastStatement":54,"seen":{"s:6:37:12:Infinity":0,"s:14:30:164:Infinity":1,"f:15:8:15:17":0,"s:16:4:29:Infinity":2,"s:17:21:17:57":3,"s:19:6:19:Infinity":4,"s:21:6:27:Infinity":5,"s:29:6:29:Infinity":6,"f:33:8:33:14":1,"s:34:4:47:Infinity":7,"s:35:21:35:54":8,"s:37:6:37:Infinity":9,"s:39:6:45:Infinity":10,"s:47:6:47:Infinity":11,"f:51:8:51:21":2,"s:52:4:69:Infinity":12,"s:53:20:53:Infinity":13,"b:54:6:55:Infinity:undefined:undefined:undefined:undefined":0,"s:54:6:55:Infinity":14,"s:55:8:55:Infinity":15,"s:58:21:58:58":16,"s:60:6:60:Infinity":17,"s:62:6:67:Infinity":18,"s:69:6:69:Infinity":19,"f:73:8:73:15":3,"s:74:4:83:Infinity":20,"s:75:20:75:Infinity":21,"b:76:6:77:Infinity:undefined:undefined:undefined:undefined":1,"s:76:6:77:Infinity":22,"s:77:8:77:Infinity":23,"s:80:6:80:Infinity":24,"s:81:6:81:Infinity":25,"s:83:6:83:Infinity":26,"f:87:8:87:23":4,"s:88:4:92:Infinity":27,"s:89:6:89:Infinity":28,"s:90:6:90:Infinity":29,"s:92:6:92:Infinity":30,"f:96:8:96:22":5,"s:97:4:101:Infinity":31,"s:98:6:98:Infinity":32,"s:99:6:99:Infinity":33,"s:101:6:101:Infinity":34,"f:105:8:105:21":6,"s:106:4:111:Infinity":35,"s:107:30:107:Infinity":36,"s:108:21:108:64":37,"s:109:6:109:Infinity":38,"s:111:6:111:Infinity":39,"f:115:8:115:25":7,"s:116:4:129:Infinity":40,"s:117:21:117:65":41,"s:119:6:119:Infinity":42,"s:121:6:127:Infinity":43,"s:129:6:129:Infinity":44,"f:133:8:133:21":8,"s:134:4:161:Infinity":45,"s:135:33:135:Infinity":46,"s:136:27:136:Infinity":47,"b:138:6:139:Infinity:undefined:undefined:undefined:undefined":2,"s:138:6:139:Infinity":48,"s:139:8:139:Infinity":49,"s:142:21:149:8":50,"s:151:6:151:Infinity":51,"s:153:6:159:Infinity":52,"s:161:6:161:Infinity":53}}}
,"C:\\Users\\Yash\\Desktop\\AGCL\\CompailanceOS\\backend\\src\\controllers\\ca.controller.ts": {"path":"C:\\Users\\Yash\\Desktop\\AGCL\\CompailanceOS\\backend\\src\\controllers\\ca.controller.ts","statementMap":{"0":{"start":{"line":5,"column":28},"end":{"line":94,"column":null}},"1":{"start":{"line":7,"column":4},"end":{"line":13,"column":null}},"2":{"start":{"line":8,"column":19},"end":{"line":8,"column":null}},"3":{"start":{"line":9,"column":6},"end":{"line":9,"column":null}},"4":{"start":{"line":9,"column":17},"end":{"line":9,"column":null}},"5":{"start":{"line":10,"column":19},"end":{"line":10,"column":53}},"6":{"start":{"line":11,"column":6},"end":{"line":11,"column":null}},"7":{"start":{"line":13,"column":6},"end":{"line":13,"column":null}},"8":{"start":{"line":18,"column":4},"end":{"line":24,"column":null}},"9":{"start":{"line":19,"column":19},"end":{"line":19,"column":null}},"10":{"start":{"line":20,"column":6},"end":{"line":20,"column":null}},"11":{"start":{"line":20,"column":17},"end":{"line":20,"column":null}},"12":{"start":{"line":21,"column":22},"end":{"line":21,"column":65}},"13":{"start":{"line":22,"column":6},"end":{"line":22,"column":null}},"14":{"start":{"line":24,"column":6},"end":{"line":24,"column":null}},"15":{"start":{"line":29,"column":4},"end":{"line":35,"column":null}},"16":{"start":{"line":30,"column":19},"end":{"line":30,"column":null}},"17":{"start":{"line":31,"column":6},"end":{"line":31,"column":null}},"18":{"start":{"line":31,"column":17},"end":{"line":31,"column":null}},"19":{"start":{"line":32,"column":21},"end":{"line":32,"column":65}},"20":{"start":{"line":33,"column":6},"end":{"line":33,"column":null}},"21":{"start":{"line":35,"column":6},"end":{"line":35,"column":null}},"22":{"start":{"line":40,"column":4},"end":{"line":46,"column":null}},"23":{"start":{"line":41,"column":19},"end":{"line":41,"column":null}},"24":{"start":{"line":42,"column":6},"end":{"line":42,"column":null}},"25":{"start":{"line":42,"column":17},"end":{"line":42,"column":null}},"26":{"start":{"line":43,"column":21},"end":{"line":43,"column":97}},"27":{"start":{"line":44,"column":6},"end":{"line":44,"column":null}},"28":{"start":{"line":46,"column":6},"end":{"line":46,"column":null}},"29":{"start":{"line":51,"column":4},"end":{"line":57,"column":null}},"30":{"start":{"line":52,"column":19},"end":{"line":52,"column":null}},"31":{"start":{"line":53,"column":6},"end":{"line":53,"column":null}},"32":{"start":{"line":53,"column":17},"end":{"line":53,"column":null}},"33":{"start":{"line":54,"column":21},"end":{"line":54,"column":63}},"34":{"start":{"line":55,"column":6},"end":{"line":55,"column":null}},"35":{"start":{"line":57,"column":6},"end":{"line":57,"column":null}},"36":{"start":{"line":62,"column":4},"end":{"line":68,"column":null}},"37":{"start":{"line":63,"column":19},"end":{"line":63,"column":null}},"38":{"start":{"line":64,"column":6},"end":{"line":64,"column":null}},"39":{"start":{"line":64,"column":17},"end":{"line":64,"column":null}},"40":{"start":{"line":65,"column":22},"end":{"line":65,"column":54}},"41":{"start":{"line":66,"column":6},"end":{"line":66,"column":null}},"42":{"start":{"line":68,"column":6},"end":{"line":68,"column":null}},"43":{"start":{"line":73,"column":4},"end":{"line":80,"column":null}},"44":{"start":{"line":74,"column":19},"end":{"line":74,"column":null}},"45":{"start":{"line":75,"column":27},"end":{"line":75,"column":null}},"46":{"start":{"line":76,"column":6},"end":{"line":76,"column":null}},"47":{"start":{"line":76,"column":17},"end":{"line":76,"column":null}},"48":{"start":{"line":77,"column":24},"end":{"line":77,"column":94}},"49":{"start":{"line":78,"column":6},"end":{"line":78,"column":null}},"50":{"start":{"line":80,"column":6},"end":{"line":80,"column":null}},"51":{"start":{"line":85,"column":4},"end":{"line":91,"column":null}},"52":{"start":{"line":86,"column":19},"end":{"line":86,"column":null}},"53":{"start":{"line":87,"column":6},"end":{"line":87,"column":null}},"54":{"start":{"line":87,"column":17},"end":{"line":87,"column":null}},"55":{"start":{"line":88,"column":21},"end":{"line":88,"column":96}},"56":{"start":{"line":89,"column":6},"end":{"line":89,"column":null}},"57":{"start":{"line":91,"column":6},"end":{"line":91,"column":null}}},"fnMap":{"0":{"name":"(anonymous_0)","decl":{"start":{"line":6,"column":8},"end":{"line":6,"column":21}},"loc":{"start":{"line":6,"column":70},"end":{"line":13,"column":null}},"line":6},"1":{"name":"(anonymous_1)","decl":{"start":{"line":17,"column":8},"end":{"line":17,"column":19}},"loc":{"start":{"line":17,"column":68},"end":{"line":24,"column":null}},"line":17},"2":{"name":"(anonymous_2)","decl":{"start":{"line":28,"column":8},"end":{"line":28,"column":21}},"loc":{"start":{"line":28,"column":70},"end":{"line":35,"column":null}},"line":28},"3":{"name":"(anonymous_3)","decl":{"start":{"line":39,"column":8},"end":{"line":39,"column":22}},"loc":{"start":{"line":39,"column":71},"end":{"line":46,"column":null}},"line":39},"4":{"name":"(anonymous_4)","decl":{"start":{"line":50,"column":8},"end":{"line":50,"column":19}},"loc":{"start":{"line":50,"column":68},"end":{"line":57,"column":null}},"line":50},"5":{"name":"(anonymous_5)","decl":{"start":{"line":61,"column":8},"end":{"line":61,"column":19}},"loc":{"start":{"line":61,"column":68},"end":{"line":68,"column":null}},"line":61},"6":{"name":"(anonymous_6)","decl":{"start":{"line":72,"column":8},"end":{"line":72,"column":27}},"loc":{"start":{"line":72,"column":76},"end":{"line":80,"column":null}},"line":72},"7":{"name":"(anonymous_7)","decl":{"start":{"line":84,"column":8},"end":{"line":84,"column":21}},"loc":{"start":{"line":84,"column":70},"end":{"line":91,"column":null}},"line":84}},"branchMap":{"0":{"loc":{"start":{"line":9,"column":6},"end":{"line":9,"column":null}},"type":"if","locations":[{"start":{"line":9,"column":6},"end":{"line":9,"column":null}},{"start":{},"end":{}}],"line":9},"1":{"loc":{"start":{"line":20,"column":6},"end":{"line":20,"column":null}},"type":"if","locations":[{"start":{"line":20,"column":6},"end":{"line":20,"column":null}},{"start":{},"end":{}}],"line":20},"2":{"loc":{"start":{"line":31,"column":6},"end":{"line":31,"column":null}},"type":"if","locations":[{"start":{"line":31,"column":6},"end":{"line":31,"column":null}},{"start":{},"end":{}}],"line":31},"3":{"loc":{"start":{"line":42,"column":6},"end":{"line":42,"column":null}},"type":"if","locations":[{"start":{"line":42,"column":6},"end":{"line":42,"column":null}},{"start":{},"end":{}}],"line":42},"4":{"loc":{"start":{"line":53,"column":6},"end":{"line":53,"column":null}},"type":"if","locations":[{"start":{"line":53,"column":6},"end":{"line":53,"column":null}},{"start":{},"end":{}}],"line":53},"5":{"loc":{"start":{"line":64,"column":6},"end":{"line":64,"column":null}},"type":"if","locations":[{"start":{"line":64,"column":6},"end":{"line":64,"column":null}},{"start":{},"end":{}}],"line":64},"6":{"loc":{"start":{"line":76,"column":6},"end":{"line":76,"column":null}},"type":"if","locations":[{"start":{"line":76,"column":6},"end":{"line":76,"column":null}},{"start":{},"end":{}}],"line":76},"7":{"loc":{"start":{"line":87,"column":6},"end":{"line":87,"column":null}},"type":"if","locations":[{"start":{"line":87,"column":6},"end":{"line":87,"column":null}},{"start":{},"end":{}}],"line":87}},"s":{"0":3,"1":0,"2":0,"3":0,"4":0,"5":0,"6":0,"7":0,"8":0,"9":0,"10":0,"11":0,"12":0,"13":0,"14":0,"15":0,"16":0,"17":0,"18":0,"19":0,"20":0,"21":0,"22":0,"23":0,"24":0,"25":0,"26":0,"27":0,"28":0,"29":0,"30":0,"31":0,"32":0,"33":0,"34":0,"35":0,"36":0,"37":0,"38":0,"39":0,"40":0,"41":0,"42":0,"43":0,"44":0,"45":0,"46":0,"47":0,"48":0,"49":0,"50":0,"51":0,"52":0,"53":0,"54":0,"55":0,"56":0,"57":0},"f":{"0":0,"1":0,"2":0,"3":0,"4":0,"5":0,"6":0,"7":0},"b":{"0":[0,0],"1":[0,0],"2":[0,0],"3":[0,0],"4":[0,0],"5":[0,0],"6":[0,0],"7":[0,0]},"meta":{"lastBranch":8,"lastFunction":8,"lastStatement":58,"seen":{"s:5:28:94:Infinity":0,"f:6:8:6:21":0,"s:7:4:13:Infinity":1,"s:8:19:8:Infinity":2,"b:9:6:9:Infinity:undefined:undefined:undefined:undefined":0,"s:9:6:9:Infinity":3,"s:9:17:9:Infinity":4,"s:10:19:10:53":5,"s:11:6:11:Infinity":6,"s:13:6:13:Infinity":7,"f:17:8:17:19":1,"s:18:4:24:Infinity":8,"s:19:19:19:Infinity":9,"b:20:6:20:Infinity:undefined:undefined:undefined:undefined":1,"s:20:6:20:Infinity":10,"s:20:17:20:Infinity":11,"s:21:22:21:65":12,"s:22:6:22:Infinity":13,"s:24:6:24:Infinity":14,"f:28:8:28:21":2,"s:29:4:35:Infinity":15,"s:30:19:30:Infinity":16,"b:31:6:31:Infinity:undefined:undefined:undefined:undefined":2,"s:31:6:31:Infinity":17,"s:31:17:31:Infinity":18,"s:32:21:32:65":19,"s:33:6:33:Infinity":20,"s:35:6:35:Infinity":21,"f:39:8:39:22":3,"s:40:4:46:Infinity":22,"s:41:19:41:Infinity":23,"b:42:6:42:Infinity:undefined:undefined:undefined:undefined":3,"s:42:6:42:Infinity":24,"s:42:17:42:Infinity":25,"s:43:21:43:97":26,"s:44:6:44:Infinity":27,"s:46:6:46:Infinity":28,"f:50:8:50:19":4,"s:51:4:57:Infinity":29,"s:52:19:52:Infinity":30,"b:53:6:53:Infinity:undefined:undefined:undefined:undefined":4,"s:53:6:53:Infinity":31,"s:53:17:53:Infinity":32,"s:54:21:54:63":33,"s:55:6:55:Infinity":34,"s:57:6:57:Infinity":35,"f:61:8:61:19":5,"s:62:4:68:Infinity":36,"s:63:19:63:Infinity":37,"b:64:6:64:Infinity:undefined:undefined:undefined:undefined":5,"s:64:6:64:Infinity":38,"s:64:17:64:Infinity":39,"s:65:22:65:54":40,"s:66:6:66:Infinity":41,"s:68:6:68:Infinity":42,"f:72:8:72:27":6,"s:73:4:80:Infinity":43,"s:74:19:74:Infinity":44,"s:75:27:75:Infinity":45,"b:76:6:76:Infinity:undefined:undefined:undefined:undefined":6,"s:76:6:76:Infinity":46,"s:76:17:76:Infinity":47,"s:77:24:77:94":48,"s:78:6:78:Infinity":49,"s:80:6:80:Infinity":50,"f:84:8:84:21":7,"s:85:4:91:Infinity":51,"s:86:19:86:Infinity":52,"b:87:6:87:Infinity:undefined:undefined:undefined:undefined":7,"s:87:6:87:Infinity":53,"s:87:17:87:Infinity":54,"s:88:21:88:96":55,"s:89:6:89:Infinity":56,"s:91:6:91:Infinity":57}}}
,"C:\\Users\\Yash\\Desktop\\AGCL\\CompailanceOS\\backend\\src\\controllers\\client.controller.ts": {"path":"C:\\Users\\Yash\\Desktop\\AGCL\\CompailanceOS\\backend\\src\\controllers\\client.controller.ts","statementMap":{"0":{"start":{"line":11,"column":4},"end":{"line":22,"column":null}},"1":{"start":{"line":12,"column":37},"end":{"line":12,"column":null}},"2":{"start":{"line":13,"column":21},"end":{"line":13,"column":null}},"3":{"start":{"line":15,"column":6},"end":{"line":15,"column":null}},"4":{"start":{"line":15,"column":17},"end":{"line":15,"column":null}},"5":{"start":{"line":18,"column":21},"end":{"line":18,"column":84}},"6":{"start":{"line":20,"column":6},"end":{"line":20,"column":null}},"7":{"start":{"line":22,"column":6},"end":{"line":22,"column":null}},"8":{"start":{"line":30,"column":4},"end":{"line":41,"column":null}},"9":{"start":{"line":31,"column":21},"end":{"line":31,"column":null}},"10":{"start":{"line":32,"column":6},"end":{"line":32,"column":null}},"11":{"start":{"line":32,"column":19},"end":{"line":32,"column":null}},"12":{"start":{"line":34,"column":22},"end":{"line":34,"column":78}},"13":{"start":{"line":35,"column":6},"end":{"line":39,"column":null}},"14":{"start":{"line":41,"column":6},"end":{"line":41,"column":null}},"15":{"start":{"line":46,"column":32},"end":{"line":46,"column":54}}},"fnMap":{"0":{"name":"(anonymous_0)","decl":{"start":{"line":10,"column":8},"end":{"line":10,"column":20}},"loc":{"start":{"line":10,"column":69},"end":{"line":22,"column":null}},"line":10},"1":{"name":"(anonymous_1)","decl":{"start":{"line":29,"column":8},"end":{"line":29,"column":19}},"loc":{"start":{"line":29,"column":68},"end":{"line":41,"column":null}},"line":29}},"branchMap":{"0":{"loc":{"start":{"line":15,"column":6},"end":{"line":15,"column":null}},"type":"if","locations":[{"start":{"line":15,"column":6},"end":{"line":15,"column":null}},{"start":{},"end":{}}],"line":15},"1":{"loc":{"start":{"line":32,"column":6},"end":{"line":32,"column":null}},"type":"if","locations":[{"start":{"line":32,"column":6},"end":{"line":32,"column":null}},{"start":{},"end":{}}],"line":32}},"s":{"0":0,"1":0,"2":0,"3":0,"4":0,"5":0,"6":0,"7":0,"8":0,"9":0,"10":0,"11":0,"12":0,"13":0,"14":0,"15":3},"f":{"0":0,"1":0},"b":{"0":[0,0],"1":[0,0]},"meta":{"lastBranch":2,"lastFunction":2,"lastStatement":16,"seen":{"f:10:8:10:20":0,"s:11:4:22:Infinity":0,"s:12:37:12:Infinity":1,"s:13:21:13:Infinity":2,"b:15:6:15:Infinity:undefined:undefined:undefined:undefined":0,"s:15:6:15:Infinity":3,"s:15:17:15:Infinity":4,"s:18:21:18:84":5,"s:20:6:20:Infinity":6,"s:22:6:22:Infinity":7,"f:29:8:29:19":1,"s:30:4:41:Infinity":8,"s:31:21:31:Infinity":9,"b:32:6:32:Infinity:undefined:undefined:undefined:undefined":1,"s:32:6:32:Infinity":10,"s:32:19:32:Infinity":11,"s:34:22:34:78":12,"s:35:6:39:Infinity":13,"s:41:6:41:Infinity":14,"s:46:32:46:54":15}}}
,"C:\\Users\\Yash\\Desktop\\AGCL\\CompailanceOS\\backend\\src\\controllers\\document.controller.ts": {"path":"C:\\Users\\Yash\\Desktop\\AGCL\\CompailanceOS\\backend\\src\\controllers\\document.controller.ts","statementMap":{"0":{"start":{"line":6,"column":34},"end":{"line":53,"column":null}},"1":{"start":{"line":8,"column":4},"end":{"line":20,"column":null}},"2":{"start":{"line":9,"column":32},"end":{"line":9,"column":null}},"3":{"start":{"line":10,"column":19},"end":{"line":10,"column":null}},"4":{"start":{"line":11,"column":21},"end":{"line":11,"column":null}},"5":{"start":{"line":13,"column":6},"end":{"line":13,"column":null}},"6":{"start":{"line":13,"column":17},"end":{"line":13,"column":null}},"7":{"start":{"line":14,"column":6},"end":{"line":14,"column":null}},"8":{"start":{"line":14,"column":19},"end":{"line":14,"column":null}},"9":{"start":{"line":16,"column":23},"end":{"line":16,"column":126}},"10":{"start":{"line":17,"column":6},"end":{"line":17,"column":null}},"11":{"start":{"line":19,"column":6},"end":{"line":19,"column":null}},"12":{"start":{"line":19,"column":52},"end":{"line":19,"column":null}},"13":{"start":{"line":20,"column":6},"end":{"line":20,"column":null}},"14":{"start":{"line":25,"column":4},"end":{"line":31,"column":null}},"15":{"start":{"line":26,"column":24},"end":{"line":26,"column":null}},"16":{"start":{"line":27,"column":34},"end":{"line":27,"column":null}},"17":{"start":{"line":28,"column":23},"end":{"line":28,"column":102}},"18":{"start":{"line":29,"column":6},"end":{"line":29,"column":null}},"19":{"start":{"line":31,"column":6},"end":{"line":31,"column":null}},"20":{"start":{"line":36,"column":4},"end":{"line":41,"column":null}},"21":{"start":{"line":37,"column":20},"end":{"line":37,"column":null}},"22":{"start":{"line":38,"column":23},"end":{"line":38,"column":76}},"23":{"start":{"line":39,"column":6},"end":{"line":39,"column":null}},"24":{"start":{"line":41,"column":6},"end":{"line":41,"column":null}},"25":{"start":{"line":46,"column":4},"end":{"line":50,"column":null}},"26":{"start":{"line":47,"column":23},"end":{"line":47,"column":84}},"27":{"start":{"line":48,"column":6},"end":{"line":48,"column":null}},"28":{"start":{"line":50,"column":6},"end":{"line":50,"column":null}}},"fnMap":{"0":{"name":"(anonymous_0)","decl":{"start":{"line":7,"column":8},"end":{"line":7,"column":23}},"loc":{"start":{"line":7,"column":72},"end":{"line":20,"column":null}},"line":7},"1":{"name":"(anonymous_1)","decl":{"start":{"line":24,"column":8},"end":{"line":24,"column":29}},"loc":{"start":{"line":24,"column":78},"end":{"line":31,"column":null}},"line":24},"2":{"name":"(anonymous_2)","decl":{"start":{"line":35,"column":8},"end":{"line":35,"column":23}},"loc":{"start":{"line":35,"column":72},"end":{"line":41,"column":null}},"line":35},"3":{"name":"(anonymous_3)","decl":{"start":{"line":45,"column":8},"end":{"line":45,"column":20}},"loc":{"start":{"line":45,"column":69},"end":{"line":50,"column":null}},"line":45}},"branchMap":{"0":{"loc":{"start":{"line":13,"column":6},"end":{"line":13,"column":null}},"type":"if","locations":[{"start":{"line":13,"column":6},"end":{"line":13,"column":null}},{"start":{},"end":{}}],"line":13},"1":{"loc":{"start":{"line":14,"column":6},"end":{"line":14,"column":null}},"type":"if","locations":[{"start":{"line":14,"column":6},"end":{"line":14,"column":null}},{"start":{},"end":{}}],"line":14},"2":{"loc":{"start":{"line":19,"column":6},"end":{"line":19,"column":null}},"type":"if","locations":[{"start":{"line":19,"column":6},"end":{"line":19,"column":null}},{"start":{},"end":{}}],"line":19},"3":{"loc":{"start":{"line":19,"column":10},"end":{"line":19,"column":50}},"type":"binary-expr","locations":[{"start":{"line":19,"column":10},"end":{"line":19,"column":22}},{"start":{"line":19,"column":22},"end":{"line":19,"column":50}}],"line":19}},"s":{"0":3,"1":0,"2":0,"3":0,"4":0,"5":0,"6":0,"7":0,"8":0,"9":0,"10":0,"11":0,"12":0,"13":0,"14":0,"15":0,"16":0,"17":0,"18":0,"19":0,"20":0,"21":0,"22":0,"23":0,"24":0,"25":0,"26":0,"27":0,"28":0},"f":{"0":0,"1":0,"2":0,"3":0},"b":{"0":[0,0],"1":[0,0],"2":[0,0],"3":[0,0]},"meta":{"lastBranch":4,"lastFunction":4,"lastStatement":29,"seen":{"s:6:34:53:Infinity":0,"f:7:8:7:23":0,"s:8:4:20:Infinity":1,"s:9:32:9:Infinity":2,"s:10:19:10:Infinity":3,"s:11:21:11:Infinity":4,"b:13:6:13:Infinity:undefined:undefined:undefined:undefined":0,"s:13:6:13:Infinity":5,"s:13:17:13:Infinity":6,"b:14:6:14:Infinity:undefined:undefined:undefined:undefined":1,"s:14:6:14:Infinity":7,"s:14:19:14:Infinity":8,"s:16:23:16:126":9,"s:17:6:17:Infinity":10,"b:19:6:19:Infinity:undefined:undefined:undefined:undefined":2,"s:19:6:19:Infinity":11,"b:19:10:19:22:19:22:19:50":3,"s:19:52:19:Infinity":12,"s:20:6:20:Infinity":13,"f:24:8:24:29":1,"s:25:4:31:Infinity":14,"s:26:24:26:Infinity":15,"s:27:34:27:Infinity":16,"s:28:23:28:102":17,"s:29:6:29:Infinity":18,"s:31:6:31:Infinity":19,"f:35:8:35:23":2,"s:36:4:41:Infinity":20,"s:37:20:37:Infinity":21,"s:38:23:38:76":22,"s:39:6:39:Infinity":23,"s:41:6:41:Infinity":24,"f:45:8:45:20":3,"s:46:4:50:Infinity":25,"s:47:23:47:84":26,"s:48:6:48:Infinity":27,"s:50:6:50:Infinity":28}}}
,"C:\\Users\\Yash\\Desktop\\AGCL\\CompailanceOS\\backend\\src\\controllers\\google.auth.controller.ts": {"path":"C:\\Users\\Yash\\Desktop\\AGCL\\CompailanceOS\\backend\\src\\controllers\\google.auth.controller.ts","statementMap":{"0":{"start":{"line":6,"column":36},"end":{"line":30,"column":null}},"1":{"start":{"line":8,"column":19},"end":{"line":8,"column":null}},"2":{"start":{"line":9,"column":4},"end":{"line":9,"column":null}},"3":{"start":{"line":9,"column":17},"end":{"line":9,"column":null}},"4":{"start":{"line":11,"column":16},"end":{"line":11,"column":52}},"5":{"start":{"line":12,"column":4},"end":{"line":12,"column":null}},"6":{"start":{"line":16,"column":4},"end":{"line":27,"column":null}},"7":{"start":{"line":17,"column":38},"end":{"line":17,"column":null}},"8":{"start":{"line":19,"column":6},"end":{"line":20,"column":null}},"9":{"start":{"line":20,"column":8},"end":{"line":20,"column":null}},"10":{"start":{"line":23,"column":6},"end":{"line":23,"column":null}},"11":{"start":{"line":25,"column":6},"end":{"line":25,"column":null}},"12":{"start":{"line":27,"column":6},"end":{"line":27,"column":null}}},"fnMap":{"0":{"name":"(anonymous_0)","decl":{"start":{"line":7,"column":2},"end":{"line":7,"column":13}},"loc":{"start":{"line":7,"column":42},"end":{"line":12,"column":null}},"line":7},"1":{"name":"(anonymous_1)","decl":{"start":{"line":15,"column":8},"end":{"line":15,"column":23}},"loc":{"start":{"line":15,"column":72},"end":{"line":27,"column":null}},"line":15}},"branchMap":{"0":{"loc":{"start":{"line":9,"column":4},"end":{"line":9,"column":null}},"type":"if","locations":[{"start":{"line":9,"column":4},"end":{"line":9,"column":null}},{"start":{},"end":{}}],"line":9},"1":{"loc":{"start":{"line":19,"column":6},"end":{"line":20,"column":null}},"type":"if","locations":[{"start":{"line":19,"column":6},"end":{"line":20,"column":null}},{"start":{},"end":{}}],"line":19},"2":{"loc":{"start":{"line":19,"column":10},"end":{"line":19,"column":28}},"type":"binary-expr","locations":[{"start":{"line":19,"column":10},"end":{"line":19,"column":19}},{"start":{"line":19,"column":19},"end":{"line":19,"column":28}}],"line":19}},"s":{"0":3,"1":0,"2":0,"3":0,"4":0,"5":0,"6":0,"7":0,"8":0,"9":0,"10":0,"11":0,"12":0},"f":{"0":0,"1":0},"b":{"0":[0,0],"1":[0,0],"2":[0,0]},"meta":{"lastBranch":3,"lastFunction":2,"lastStatement":13,"seen":{"s:6:36:30:Infinity":0,"f:7:2:7:13":0,"s:8:19:8:Infinity":1,"b:9:4:9:Infinity:undefined:undefined:undefined:undefined":0,"s:9:4:9:Infinity":2,"s:9:17:9:Infinity":3,"s:11:16:11:52":4,"s:12:4:12:Infinity":5,"f:15:8:15:23":1,"s:16:4:27:Infinity":6,"s:17:38:17:Infinity":7,"b:19:6:20:Infinity:undefined:undefined:undefined:undefined":1,"s:19:6:20:Infinity":8,"b:19:10:19:19:19:19:19:28":2,"s:20:8:20:Infinity":9,"s:23:6:23:Infinity":10,"s:25:6:25:Infinity":11,"s:27:6:27:Infinity":12}}}
,"C:\\Users\\Yash\\Desktop\\AGCL\\CompailanceOS\\backend\\src\\controllers\\message.controller.ts": {"path":"C:\\Users\\Yash\\Desktop\\AGCL\\CompailanceOS\\backend\\src\\controllers\\message.controller.ts","statementMap":{"0":{"start":{"line":5,"column":33},"end":{"line":38,"column":null}},"1":{"start":{"line":7,"column":4},"end":{"line":14,"column":null}},"2":{"start":{"line":8,"column":36},"end":{"line":8,"column":null}},"3":{"start":{"line":9,"column":25},"end":{"line":9,"column":null}},"4":{"start":{"line":10,"column":26},"end":{"line":10,"column":null}},"5":{"start":{"line":11,"column":22},"end":{"line":11,"column":106}},"6":{"start":{"line":12,"column":6},"end":{"line":12,"column":null}},"7":{"start":{"line":14,"column":6},"end":{"line":14,"column":null}},"8":{"start":{"line":19,"column":4},"end":{"line":25,"column":null}},"9":{"start":{"line":20,"column":36},"end":{"line":20,"column":null}},"10":{"start":{"line":21,"column":25},"end":{"line":21,"column":null}},"11":{"start":{"line":22,"column":23},"end":{"line":22,"column":98}},"12":{"start":{"line":23,"column":6},"end":{"line":23,"column":null}},"13":{"start":{"line":25,"column":6},"end":{"line":25,"column":null}},"14":{"start":{"line":30,"column":4},"end":{"line":35,"column":null}},"15":{"start":{"line":31,"column":36},"end":{"line":31,"column":null}},"16":{"start":{"line":32,"column":22},"end":{"line":32,"column":67}},"17":{"start":{"line":33,"column":6},"end":{"line":33,"column":null}},"18":{"start":{"line":35,"column":6},"end":{"line":35,"column":null}}},"fnMap":{"0":{"name":"(anonymous_0)","decl":{"start":{"line":6,"column":8},"end":{"line":6,"column":20}},"loc":{"start":{"line":6,"column":69},"end":{"line":14,"column":null}},"line":6},"1":{"name":"(anonymous_1)","decl":{"start":{"line":18,"column":8},"end":{"line":18,"column":20}},"loc":{"start":{"line":18,"column":69},"end":{"line":25,"column":null}},"line":18},"2":{"name":"(anonymous_2)","decl":{"start":{"line":29,"column":8},"end":{"line":29,"column":19}},"loc":{"start":{"line":29,"column":68},"end":{"line":35,"column":null}},"line":29}},"branchMap":{},"s":{"0":3,"1":0,"2":0,"3":0,"4":0,"5":0,"6":0,"7":0,"8":0,"9":0,"10":0,"11":0,"12":0,"13":0,"14":0,"15":0,"16":0,"17":0,"18":0},"f":{"0":0,"1":0,"2":0},"b":{},"meta":{"lastBranch":0,"lastFunction":3,"lastStatement":19,"seen":{"s:5:33:38:Infinity":0,"f:6:8:6:20":0,"s:7:4:14:Infinity":1,"s:8:36:8:Infinity":2,"s:9:25:9:Infinity":3,"s:10:26:10:Infinity":4,"s:11:22:11:106":5,"s:12:6:12:Infinity":6,"s:14:6:14:Infinity":7,"f:18:8:18:20":1,"s:19:4:25:Infinity":8,"s:20:36:20:Infinity":9,"s:21:25:21:Infinity":10,"s:22:23:22:98":11,"s:23:6:23:Infinity":12,"s:25:6:25:Infinity":13,"f:29:8:29:19":2,"s:30:4:35:Infinity":14,"s:31:36:31:Infinity":15,"s:32:22:32:67":16,"s:33:6:33:Infinity":17,"s:35:6:35:Infinity":18}}}
,"C:\\Users\\Yash\\Desktop\\AGCL\\CompailanceOS\\backend\\src\\controllers\\notification.controller.ts": {"path":"C:\\Users\\Yash\\Desktop\\AGCL\\CompailanceOS\\backend\\src\\controllers\\notification.controller.ts","statementMap":{"0":{"start":{"line":5,"column":38},"end":{"line":55,"column":null}},"1":{"start":{"line":7,"column":4},"end":{"line":12,"column":null}},"2":{"start":{"line":8,"column":30},"end":{"line":8,"column":null}},"3":{"start":{"line":9,"column":28},"end":{"line":9,"column":78}},"4":{"start":{"line":10,"column":6},"end":{"line":10,"column":null}},"5":{"start":{"line":12,"column":6},"end":{"line":12,"column":null}},"6":{"start":{"line":17,"column":4},"end":{"line":22,"column":null}},"7":{"start":{"line":18,"column":30},"end":{"line":18,"column":null}},"8":{"start":{"line":19,"column":27},"end":{"line":19,"column":94}},"9":{"start":{"line":20,"column":6},"end":{"line":20,"column":null}},"10":{"start":{"line":22,"column":6},"end":{"line":22,"column":null}},"11":{"start":{"line":27,"column":4},"end":{"line":32,"column":null}},"12":{"start":{"line":28,"column":30},"end":{"line":28,"column":null}},"13":{"start":{"line":29,"column":6},"end":{"line":29,"column":null}},"14":{"start":{"line":30,"column":6},"end":{"line":30,"column":null}},"15":{"start":{"line":32,"column":6},"end":{"line":32,"column":null}},"16":{"start":{"line":37,"column":4},"end":{"line":42,"column":null}},"17":{"start":{"line":38,"column":30},"end":{"line":38,"column":null}},"18":{"start":{"line":39,"column":6},"end":{"line":39,"column":null}},"19":{"start":{"line":40,"column":6},"end":{"line":40,"column":null}},"20":{"start":{"line":42,"column":6},"end":{"line":42,"column":null}},"21":{"start":{"line":47,"column":4},"end":{"line":52,"column":null}},"22":{"start":{"line":48,"column":30},"end":{"line":48,"column":null}},"23":{"start":{"line":49,"column":6},"end":{"line":49,"column":null}},"24":{"start":{"line":50,"column":6},"end":{"line":50,"column":null}},"25":{"start":{"line":52,"column":6},"end":{"line":52,"column":null}}},"fnMap":{"0":{"name":"(anonymous_0)","decl":{"start":{"line":6,"column":8},"end":{"line":6,"column":25}},"loc":{"start":{"line":6,"column":74},"end":{"line":12,"column":null}},"line":6},"1":{"name":"(anonymous_1)","decl":{"start":{"line":16,"column":8},"end":{"line":16,"column":19}},"loc":{"start":{"line":16,"column":68},"end":{"line":22,"column":null}},"line":16},"2":{"name":"(anonymous_2)","decl":{"start":{"line":26,"column":8},"end":{"line":26,"column":20}},"loc":{"start":{"line":26,"column":69},"end":{"line":32,"column":null}},"line":26},"3":{"name":"(anonymous_3)","decl":{"start":{"line":36,"column":8},"end":{"line":36,"column":27}},"loc":{"start":{"line":36,"column":76},"end":{"line":42,"column":null}},"line":36},"4":{"name":"(anonymous_4)","decl":{"start":{"line":46,"column":8},"end":{"line":46,"column":30}},"loc":{"start":{"line":46,"column":79},"end":{"line":52,"column":null}},"line":46}},"branchMap":{},"s":{"0":3,"1":0,"2":0,"3":0,"4":0,"5":0,"6":0,"7":0,"8":0,"9":0,"10":0,"11":0,"12":0,"13":0,"14":0,"15":0,"16":0,"17":0,"18":0,"19":0,"20":0,"21":0,"22":0,"23":0,"24":0,"25":0},"f":{"0":0,"1":0,"2":0,"3":0,"4":0},"b":{},"meta":{"lastBranch":0,"lastFunction":5,"lastStatement":26,"seen":{"s:5:38:55:Infinity":0,"f:6:8:6:25":0,"s:7:4:12:Infinity":1,"s:8:30:8:Infinity":2,"s:9:28:9:78":3,"s:10:6:10:Infinity":4,"s:12:6:12:Infinity":5,"f:16:8:16:19":1,"s:17:4:22:Infinity":6,"s:18:30:18:Infinity":7,"s:19:27:19:94":8,"s:20:6:20:Infinity":9,"s:22:6:22:Infinity":10,"f:26:8:26:20":2,"s:27:4:32:Infinity":11,"s:28:30:28:Infinity":12,"s:29:6:29:Infinity":13,"s:30:6:30:Infinity":14,"s:32:6:32:Infinity":15,"f:36:8:36:27":3,"s:37:4:42:Infinity":16,"s:38:30:38:Infinity":17,"s:39:6:39:Infinity":18,"s:40:6:40:Infinity":19,"s:42:6:42:Infinity":20,"f:46:8:46:30":4,"s:47:4:52:Infinity":21,"s:48:30:48:Infinity":22,"s:49:6:49:Infinity":23,"s:50:6:50:Infinity":24,"s:52:6:52:Infinity":25}}}
,"C:\\Users\\Yash\\Desktop\\AGCL\\CompailanceOS\\backend\\src\\controllers\\rule.controller.ts": {"path":"C:\\Users\\Yash\\Desktop\\AGCL\\CompailanceOS\\backend\\src\\controllers\\rule.controller.ts","statementMap":{"0":{"start":{"line":5,"column":30},"end":{"line":49,"column":null}},"1":{"start":{"line":7,"column":4},"end":{"line":13,"column":null}},"2":{"start":{"line":8,"column":19},"end":{"line":8,"column":null}},"3":{"start":{"line":9,"column":6},"end":{"line":9,"column":null}},"4":{"start":{"line":9,"column":17},"end":{"line":9,"column":null}},"5":{"start":{"line":10,"column":20},"end":{"line":10,"column":52}},"6":{"start":{"line":11,"column":6},"end":{"line":11,"column":null}},"7":{"start":{"line":13,"column":6},"end":{"line":13,"column":null}},"8":{"start":{"line":18,"column":4},"end":{"line":24,"column":null}},"9":{"start":{"line":19,"column":19},"end":{"line":19,"column":null}},"10":{"start":{"line":20,"column":6},"end":{"line":20,"column":null}},"11":{"start":{"line":20,"column":17},"end":{"line":20,"column":null}},"12":{"start":{"line":21,"column":19},"end":{"line":21,"column":63}},"13":{"start":{"line":22,"column":6},"end":{"line":22,"column":null}},"14":{"start":{"line":24,"column":6},"end":{"line":24,"column":null}},"15":{"start":{"line":29,"column":4},"end":{"line":35,"column":null}},"16":{"start":{"line":30,"column":19},"end":{"line":30,"column":null}},"17":{"start":{"line":31,"column":6},"end":{"line":31,"column":null}},"18":{"start":{"line":31,"column":17},"end":{"line":31,"column":null}},"19":{"start":{"line":32,"column":19},"end":{"line":32,"column":92}},"20":{"start":{"line":33,"column":6},"end":{"line":33,"column":null}},"21":{"start":{"line":35,"column":6},"end":{"line":35,"column":null}},"22":{"start":{"line":40,"column":4},"end":{"line":46,"column":null}},"23":{"start":{"line":41,"column":19},"end":{"line":41,"column":null}},"24":{"start":{"line":42,"column":6},"end":{"line":42,"column":null}},"25":{"start":{"line":42,"column":17},"end":{"line":42,"column":null}},"26":{"start":{"line":43,"column":21},"end":{"line":43,"column":84}},"27":{"start":{"line":44,"column":6},"end":{"line":44,"column":null}},"28":{"start":{"line":46,"column":6},"end":{"line":46,"column":null}}},"fnMap":{"0":{"name":"(anonymous_0)","decl":{"start":{"line":6,"column":8},"end":{"line":6,"column":17}},"loc":{"start":{"line":6,"column":66},"end":{"line":13,"column":null}},"line":6},"1":{"name":"(anonymous_1)","decl":{"start":{"line":17,"column":8},"end":{"line":17,"column":19}},"loc":{"start":{"line":17,"column":68},"end":{"line":24,"column":null}},"line":17},"2":{"name":"(anonymous_2)","decl":{"start":{"line":28,"column":8},"end":{"line":28,"column":19}},"loc":{"start":{"line":28,"column":68},"end":{"line":35,"column":null}},"line":28},"3":{"name":"(anonymous_3)","decl":{"start":{"line":39,"column":8},"end":{"line":39,"column":19}},"loc":{"start":{"line":39,"column":68},"end":{"line":46,"column":null}},"line":39}},"branchMap":{"0":{"loc":{"start":{"line":9,"column":6},"end":{"line":9,"column":null}},"type":"if","locations":[{"start":{"line":9,"column":6},"end":{"line":9,"column":null}},{"start":{},"end":{}}],"line":9},"1":{"loc":{"start":{"line":20,"column":6},"end":{"line":20,"column":null}},"type":"if","locations":[{"start":{"line":20,"column":6},"end":{"line":20,"column":null}},{"start":{},"end":{}}],"line":20},"2":{"loc":{"start":{"line":31,"column":6},"end":{"line":31,"column":null}},"type":"if","locations":[{"start":{"line":31,"column":6},"end":{"line":31,"column":null}},{"start":{},"end":{}}],"line":31},"3":{"loc":{"start":{"line":42,"column":6},"end":{"line":42,"column":null}},"type":"if","locations":[{"start":{"line":42,"column":6},"end":{"line":42,"column":null}},{"start":{},"end":{}}],"line":42}},"s":{"0":3,"1":1,"2":1,"3":1,"4":0,"5":1,"6":1,"7":0,"8":1,"9":1,"10":1,"11":0,"12":1,"13":1,"14":0,"15":0,"16":0,"17":0,"18":0,"19":0,"20":0,"21":0,"22":0,"23":0,"24":0,"25":0,"26":0,"27":0,"28":0},"f":{"0":1,"1":1,"2":0,"3":0},"b":{"0":[0,1],"1":[0,1],"2":[0,0],"3":[0,0]},"meta":{"lastBranch":4,"lastFunction":4,"lastStatement":29,"seen":{"s:5:30:49:Infinity":0,"f:6:8:6:17":0,"s:7:4:13:Infinity":1,"s:8:19:8:Infinity":2,"b:9:6:9:Infinity:undefined:undefined:undefined:undefined":0,"s:9:6:9:Infinity":3,"s:9:17:9:Infinity":4,"s:10:20:10:52":5,"s:11:6:11:Infinity":6,"s:13:6:13:Infinity":7,"f:17:8:17:19":1,"s:18:4:24:Infinity":8,"s:19:19:19:Infinity":9,"b:20:6:20:Infinity:undefined:undefined:undefined:undefined":1,"s:20:6:20:Infinity":10,"s:20:17:20:Infinity":11,"s:21:19:21:63":12,"s:22:6:22:Infinity":13,"s:24:6:24:Infinity":14,"f:28:8:28:19":2,"s:29:4:35:Infinity":15,"s:30:19:30:Infinity":16,"b:31:6:31:Infinity:undefined:undefined:undefined:undefined":2,"s:31:6:31:Infinity":17,"s:31:17:31:Infinity":18,"s:32:19:32:92":19,"s:33:6:33:Infinity":20,"s:35:6:35:Infinity":21,"f:39:8:39:19":3,"s:40:4:46:Infinity":22,"s:41:19:41:Infinity":23,"b:42:6:42:Infinity:undefined:undefined:undefined:undefined":3,"s:42:6:42:Infinity":24,"s:42:17:42:Infinity":25,"s:43:21:43:84":26,"s:44:6:44:Infinity":27,"s:46:6:46:Infinity":28}}}
,"C:\\Users\\Yash\\Desktop\\AGCL\\CompailanceOS\\backend\\src\\controllers\\system.controller.ts": {"path":"C:\\Users\\Yash\\Desktop\\AGCL\\CompailanceOS\\backend\\src\\controllers\\system.controller.ts","statementMap":{"0":{"start":{"line":23,"column":21},"end":{"line":74,"column":null}},"1":{"start":{"line":9,"column":14},"end":{"line":9,"column":47}},"2":{"start":{"line":10,"column":14},"end":{"line":10,"column":56}},"3":{"start":{"line":11,"column":14},"end":{"line":11,"column":47}},"4":{"start":{"line":12,"column":14},"end":{"line":12,"column":38}},"5":{"start":{"line":14,"column":18},"end":{"line":14,"column":20}},"6":{"start":{"line":15,"column":4},"end":{"line":15,"column":null}},"7":{"start":{"line":15,"column":15},"end":{"line":15,"column":null}},"8":{"start":{"line":16,"column":4},"end":{"line":16,"column":null}},"9":{"start":{"line":16,"column":15},"end":{"line":16,"column":null}},"10":{"start":{"line":17,"column":4},"end":{"line":17,"column":null}},"11":{"start":{"line":17,"column":15},"end":{"line":17,"column":null}},"12":{"start":{"line":18,"column":4},"end":{"line":18,"column":null}},"13":{"start":{"line":20,"column":4},"end":{"line":20,"column":null}},"14":{"start":{"line":24,"column":22},"end":{"line":24,"column":32}},"15":{"start":{"line":25,"column":19},"end":{"line":25,"column":null}},"16":{"start":{"line":27,"column":4},"end":{"line":31,"column":null}},"17":{"start":{"line":29,"column":6},"end":{"line":29,"column":null}},"18":{"start":{"line":31,"column":6},"end":{"line":31,"column":null}},"19":{"start":{"line":34,"column":26},"end":{"line":34,"column":54}},"20":{"start":{"line":35,"column":24},"end":{"line":35,"column":45}},"21":{"start":{"line":37,"column":23},"end":{"line":71,"column":null}},"22":{"start":{"line":73,"column":23},"end":{"line":73,"column":null}},"23":{"start":{"line":74,"column":4},"end":{"line":74,"column":null}},"24":{"start":{"line":78,"column":32},"end":{"line":78,"column":54}}},"fnMap":{"0":{"name":"(anonymous_0)","decl":{"start":{"line":8,"column":2},"end":{"line":8,"column":10}},"loc":{"start":{"line":8,"column":48},"end":{"line":20,"column":null}},"line":8},"1":{"name":"(anonymous_1)","decl":{"start":{"line":23,"column":21},"end":{"line":23,"column":28}},"loc":{"start":{"line":23,"column":60},"end":{"line":74,"column":null}},"line":23}},"branchMap":{"0":{"loc":{"start":{"line":15,"column":4},"end":{"line":15,"column":null}},"type":"if","locations":[{"start":{"line":15,"column":4},"end":{"line":15,"column":null}},{"start":{},"end":{}}],"line":15},"1":{"loc":{"start":{"line":16,"column":4},"end":{"line":16,"column":null}},"type":"if","locations":[{"start":{"line":16,"column":4},"end":{"line":16,"column":null}},{"start":{},"end":{}}],"line":16},"2":{"loc":{"start":{"line":17,"column":4},"end":{"line":17,"column":null}},"type":"if","locations":[{"start":{"line":17,"column":4},"end":{"line":17,"column":null}},{"start":{},"end":{}}],"line":17},"3":{"loc":{"start":{"line":38,"column":14},"end":{"line":38,"column":null}},"type":"cond-expr","locations":[{"start":{"line":38,"column":34},"end":{"line":38,"column":41}},{"start":{"line":38,"column":41},"end":{"line":38,"column":null}}],"line":38},"4":{"loc":{"start":{"line":40,"column":14},"end":{"line":40,"column":null}},"type":"binary-expr","locations":[{"start":{"line":40,"column":14},"end":{"line":40,"column":26}},{"start":{"line":40,"column":26},"end":{"line":40,"column":null}}],"line":40},"5":{"loc":{"start":{"line":42,"column":17},"end":{"line":42,"column":null}},"type":"binary-expr","locations":[{"start":{"line":42,"column":17},"end":{"line":42,"column":32}},{"start":{"line":42,"column":32},"end":{"line":42,"column":null}}],"line":42},"6":{"loc":{"start":{"line":73,"column":23},"end":{"line":73,"column":null}},"type":"cond-expr","locations":[{"start":{"line":73,"column":43},"end":{"line":73,"column":49}},{"start":{"line":73,"column":49},"end":{"line":73,"column":null}}],"line":73}},"s":{"0":1,"1":1,"2":1,"3":1,"4":1,"5":1,"6":1,"7":0,"8":1,"9":0,"10":1,"11":0,"12":1,"13":1,"14":1,"15":1,"16":1,"17":1,"18":0,"19":1,"20":1,"21":1,"22":1,"23":1,"24":3},"f":{"0":1,"1":1},"b":{"0":[0,1],"1":[0,1],"2":[0,1],"3":[1,0],"4":[1,0],"5":[1,0],"6":[1,0]},"meta":{"lastBranch":7,"lastFunction":2,"lastStatement":25,"seen":{"s:23:21:74:Infinity":0,"f:8:2:8:10":0,"s:9:14:9:47":1,"s:10:14:10:56":2,"s:11:14:11:47":3,"s:12:14:12:38":4,"s:14:18:14:20":5,"b:15:4:15:Infinity:undefined:undefined:undefined:undefined":0,"s:15:4:15:Infinity":6,"s:15:15:15:Infinity":7,"b:16:4:16:Infinity:undefined:undefined:undefined:undefined":1,"s:16:4:16:Infinity":8,"s:16:15:16:Infinity":9,"b:17:4:17:Infinity:undefined:undefined:undefined:undefined":2,"s:17:4:17:Infinity":10,"s:17:15:17:Infinity":11,"s:18:4:18:Infinity":12,"s:20:4:20:Infinity":13,"f:23:21:23:28":1,"s:24:22:24:32":14,"s:25:19:25:Infinity":15,"s:27:4:31:Infinity":16,"s:29:6:29:Infinity":17,"s:31:6:31:Infinity":18,"s:34:26:34:54":19,"s:35:24:35:45":20,"s:37:23:71:Infinity":21,"b:38:34:38:41:38:41:38:Infinity":3,"b:40:14:40:26:40:26:40:Infinity":4,"b:42:17:42:32:42:32:42:Infinity":5,"s:73:23:73:Infinity":22,"b:73:43:73:49:73:49:73:Infinity":6,"s:74:4:74:Infinity":23,"s:78:32:78:54":24}}}
,"C:\\Users\\Yash\\Desktop\\AGCL\\CompailanceOS\\backend\\src\\controllers\\task.controller.ts": {"path":"C:\\Users\\Yash\\Desktop\\AGCL\\CompailanceOS\\backend\\src\\controllers\\task.controller.ts","statementMap":{"0":{"start":{"line":5,"column":30},"end":{"line":105,"column":null}},"1":{"start":{"line":7,"column":4},"end":{"line":13,"column":null}},"2":{"start":{"line":8,"column":19},"end":{"line":8,"column":null}},"3":{"start":{"line":9,"column":6},"end":{"line":9,"column":null}},"4":{"start":{"line":9,"column":17},"end":{"line":9,"column":null}},"5":{"start":{"line":10,"column":19},"end":{"line":10,"column":63}},"6":{"start":{"line":11,"column":6},"end":{"line":11,"column":null}},"7":{"start":{"line":13,"column":6},"end":{"line":13,"column":null}},"8":{"start":{"line":18,"column":4},"end":{"line":24,"column":null}},"9":{"start":{"line":19,"column":19},"end":{"line":19,"column":null}},"10":{"start":{"line":20,"column":6},"end":{"line":20,"column":null}},"11":{"start":{"line":20,"column":17},"end":{"line":20,"column":null}},"12":{"start":{"line":21,"column":19},"end":{"line":21,"column":92}},"13":{"start":{"line":22,"column":6},"end":{"line":22,"column":null}},"14":{"start":{"line":24,"column":6},"end":{"line":24,"column":null}},"15":{"start":{"line":29,"column":4},"end":{"line":35,"column":null}},"16":{"start":{"line":30,"column":19},"end":{"line":30,"column":null}},"17":{"start":{"line":31,"column":6},"end":{"line":31,"column":null}},"18":{"start":{"line":31,"column":17},"end":{"line":31,"column":null}},"19":{"start":{"line":32,"column":21},"end":{"line":32,"column":84}},"20":{"start":{"line":33,"column":6},"end":{"line":33,"column":null}},"21":{"start":{"line":35,"column":6},"end":{"line":35,"column":null}},"22":{"start":{"line":40,"column":4},"end":{"line":47,"column":null}},"23":{"start":{"line":41,"column":19},"end":{"line":41,"column":null}},"24":{"start":{"line":42,"column":6},"end":{"line":42,"column":null}},"25":{"start":{"line":42,"column":17},"end":{"line":42,"column":null}},"26":{"start":{"line":43,"column":28},"end":{"line":43,"column":null}},"27":{"start":{"line":44,"column":21},"end":{"line":44,"column":71}},"28":{"start":{"line":45,"column":6},"end":{"line":45,"column":null}},"29":{"start":{"line":47,"column":6},"end":{"line":47,"column":null}},"30":{"start":{"line":52,"column":4},"end":{"line":58,"column":null}},"31":{"start":{"line":53,"column":21},"end":{"line":53,"column":null}},"32":{"start":{"line":54,"column":6},"end":{"line":54,"column":null}},"33":{"start":{"line":54,"column":19},"end":{"line":54,"column":null}},"34":{"start":{"line":55,"column":19},"end":{"line":55,"column":87}},"35":{"start":{"line":56,"column":6},"end":{"line":56,"column":null}},"36":{"start":{"line":58,"column":6},"end":{"line":58,"column":null}},"37":{"start":{"line":63,"column":4},"end":{"line":76,"column":null}},"38":{"start":{"line":64,"column":21},"end":{"line":64,"column":null}},"39":{"start":{"line":65,"column":6},"end":{"line":65,"column":null}},"40":{"start":{"line":65,"column":19},"end":{"line":65,"column":null}},"41":{"start":{"line":66,"column":19},"end":{"line":66,"column":63}},"42":{"start":{"line":67,"column":6},"end":{"line":74,"column":null}},"43":{"start":{"line":76,"column":6},"end":{"line":76,"column":null}},"44":{"start":{"line":81,"column":4},"end":{"line":91,"column":null}},"45":{"start":{"line":82,"column":19},"end":{"line":82,"column":null}},"46":{"start":{"line":83,"column":6},"end":{"line":83,"column":null}},"47":{"start":{"line":83,"column":17},"end":{"line":83,"column":null}},"48":{"start":{"line":84,"column":35},"end":{"line":84,"column":null}},"49":{"start":{"line":85,"column":20},"end":{"line":88,"column":8}},"50":{"start":{"line":89,"column":6},"end":{"line":89,"column":null}},"51":{"start":{"line":91,"column":6},"end":{"line":91,"column":null}},"52":{"start":{"line":96,"column":4},"end":{"line":102,"column":null}},"53":{"start":{"line":97,"column":19},"end":{"line":97,"column":null}},"54":{"start":{"line":98,"column":6},"end":{"line":98,"column":null}},"55":{"start":{"line":98,"column":17},"end":{"line":98,"column":null}},"56":{"start":{"line":99,"column":19},"end":{"line":99,"column":85}},"57":{"start":{"line":100,"column":6},"end":{"line":100,"column":null}},"58":{"start":{"line":102,"column":6},"end":{"line":102,"column":null}}},"fnMap":{"0":{"name":"(anonymous_0)","decl":{"start":{"line":6,"column":8},"end":{"line":6,"column":19}},"loc":{"start":{"line":6,"column":68},"end":{"line":13,"column":null}},"line":6},"1":{"name":"(anonymous_1)","decl":{"start":{"line":17,"column":8},"end":{"line":17,"column":19}},"loc":{"start":{"line":17,"column":68},"end":{"line":24,"column":null}},"line":17},"2":{"name":"(anonymous_2)","decl":{"start":{"line":28,"column":8},"end":{"line":28,"column":19}},"loc":{"start":{"line":28,"column":68},"end":{"line":35,"column":null}},"line":28},"3":{"name":"(anonymous_3)","decl":{"start":{"line":39,"column":8},"end":{"line":39,"column":24}},"loc":{"start":{"line":39,"column":73},"end":{"line":47,"column":null}},"line":39},"4":{"name":"(anonymous_4)","decl":{"start":{"line":51,"column":8},"end":{"line":51,"column":22}},"loc":{"start":{"line":51,"column":71},"end":{"line":58,"column":null}},"line":51},"5":{"name":"(anonymous_5)","decl":{"start":{"line":62,"column":8},"end":{"line":62,"column":27}},"loc":{"start":{"line":62,"column":76},"end":{"line":76,"column":null}},"line":62},"6":{"name":"(anonymous_6)","decl":{"start":{"line":80,"column":8},"end":{"line":80,"column":19}},"loc":{"start":{"line":80,"column":68},"end":{"line":91,"column":null}},"line":80},"7":{"name":"(anonymous_7)","decl":{"start":{"line":95,"column":8},"end":{"line":95,"column":22}},"loc":{"start":{"line":95,"column":71},"end":{"line":102,"column":null}},"line":95}},"branchMap":{"0":{"loc":{"start":{"line":9,"column":6},"end":{"line":9,"column":null}},"type":"if","locations":[{"start":{"line":9,"column":6},"end":{"line":9,"column":null}},{"start":{},"end":{}}],"line":9},"1":{"loc":{"start":{"line":20,"column":6},"end":{"line":20,"column":null}},"type":"if","locations":[{"start":{"line":20,"column":6},"end":{"line":20,"column":null}},{"start":{},"end":{}}],"line":20},"2":{"loc":{"start":{"line":31,"column":6},"end":{"line":31,"column":null}},"type":"if","locations":[{"start":{"line":31,"column":6},"end":{"line":31,"column":null}},{"start":{},"end":{}}],"line":31},"3":{"loc":{"start":{"line":42,"column":6},"end":{"line":42,"column":null}},"type":"if","locations":[{"start":{"line":42,"column":6},"end":{"line":42,"column":null}},{"start":{},"end":{}}],"line":42},"4":{"loc":{"start":{"line":54,"column":6},"end":{"line":54,"column":null}},"type":"if","locations":[{"start":{"line":54,"column":6},"end":{"line":54,"column":null}},{"start":{},"end":{}}],"line":54},"5":{"loc":{"start":{"line":65,"column":6},"end":{"line":65,"column":null}},"type":"if","locations":[{"start":{"line":65,"column":6},"end":{"line":65,"column":null}},{"start":{},"end":{}}],"line":65},"6":{"loc":{"start":{"line":83,"column":6},"end":{"line":83,"column":null}},"type":"if","locations":[{"start":{"line":83,"column":6},"end":{"line":83,"column":null}},{"start":{},"end":{}}],"line":83},"7":{"loc":{"start":{"line":98,"column":6},"end":{"line":98,"column":null}},"type":"if","locations":[{"start":{"line":98,"column":6},"end":{"line":98,"column":null}},{"start":{},"end":{}}],"line":98}},"s":{"0":3,"1":1,"2":1,"3":1,"4":0,"5":1,"6":1,"7":0,"8":0,"9":0,"10":0,"11":0,"12":0,"13":0,"14":0,"15":0,"16":0,"17":0,"18":0,"19":0,"20":0,"21":0,"22":0,"23":0,"24":0,"25":0,"26":0,"27":0,"28":0,"29":0,"30":0,"31":0,"32":0,"33":0,"34":0,"35":0,"36":0,"37":0,"38":0,"39":0,"40":0,"41":0,"42":0,"43":0,"44":1,"45":1,"46":1,"47":0,"48":1,"49":1,"50":1,"51":0,"52":0,"53":0,"54":0,"55":0,"56":0,"57":0,"58":0},"f":{"0":1,"1":0,"2":0,"3":0,"4":0,"5":0,"6":1,"7":0},"b":{"0":[0,1],"1":[0,0],"2":[0,0],"3":[0,0],"4":[0,0],"5":[0,0],"6":[0,1],"7":[0,0]},"meta":{"lastBranch":8,"lastFunction":8,"lastStatement":59,"seen":{"s:5:30:105:Infinity":0,"f:6:8:6:19":0,"s:7:4:13:Infinity":1,"s:8:19:8:Infinity":2,"b:9:6:9:Infinity:undefined:undefined:undefined:undefined":0,"s:9:6:9:Infinity":3,"s:9:17:9:Infinity":4,"s:10:19:10:63":5,"s:11:6:11:Infinity":6,"s:13:6:13:Infinity":7,"f:17:8:17:19":1,"s:18:4:24:Infinity":8,"s:19:19:19:Infinity":9,"b:20:6:20:Infinity:undefined:undefined:undefined:undefined":1,"s:20:6:20:Infinity":10,"s:20:17:20:Infinity":11,"s:21:19:21:92":12,"s:22:6:22:Infinity":13,"s:24:6:24:Infinity":14,"f:28:8:28:19":2,"s:29:4:35:Infinity":15,"s:30:19:30:Infinity":16,"b:31:6:31:Infinity:undefined:undefined:undefined:undefined":2,"s:31:6:31:Infinity":17,"s:31:17:31:Infinity":18,"s:32:21:32:84":19,"s:33:6:33:Infinity":20,"s:35:6:35:Infinity":21,"f:39:8:39:24":3,"s:40:4:47:Infinity":22,"s:41:19:41:Infinity":23,"b:42:6:42:Infinity:undefined:undefined:undefined:undefined":3,"s:42:6:42:Infinity":24,"s:42:17:42:Infinity":25,"s:43:28:43:Infinity":26,"s:44:21:44:71":27,"s:45:6:45:Infinity":28,"s:47:6:47:Infinity":29,"f:51:8:51:22":4,"s:52:4:58:Infinity":30,"s:53:21:53:Infinity":31,"b:54:6:54:Infinity:undefined:undefined:undefined:undefined":4,"s:54:6:54:Infinity":32,"s:54:19:54:Infinity":33,"s:55:19:55:87":34,"s:56:6:56:Infinity":35,"s:58:6:58:Infinity":36,"f:62:8:62:27":5,"s:63:4:76:Infinity":37,"s:64:21:64:Infinity":38,"b:65:6:65:Infinity:undefined:undefined:undefined:undefined":5,"s:65:6:65:Infinity":39,"s:65:19:65:Infinity":40,"s:66:19:66:63":41,"s:67:6:74:Infinity":42,"s:76:6:76:Infinity":43,"f:80:8:80:19":6,"s:81:4:91:Infinity":44,"s:82:19:82:Infinity":45,"b:83:6:83:Infinity:undefined:undefined:undefined:undefined":6,"s:83:6:83:Infinity":46,"s:83:17:83:Infinity":47,"s:84:35:84:Infinity":48,"s:85:20:88:8":49,"s:89:6:89:Infinity":50,"s:91:6:91:Infinity":51,"f:95:8:95:22":7,"s:96:4:102:Infinity":52,"s:97:19:97:Infinity":53,"b:98:6:98:Infinity:undefined:undefined:undefined:undefined":7,"s:98:6:98:Infinity":54,"s:98:17:98:Infinity":55,"s:99:19:99:85":56,"s:100:6:100:Infinity":57,"s:102:6:102:Infinity":58}}}
,"C:\\Users\\Yash\\Desktop\\AGCL\\CompailanceOS\\backend\\src\\controllers\\user.controller.ts": {"path":"C:\\Users\\Yash\\Desktop\\AGCL\\CompailanceOS\\backend\\src\\controllers\\user.controller.ts","statementMap":{"0":{"start":{"line":5,"column":30},"end":{"line":81,"column":null}},"1":{"start":{"line":7,"column":4},"end":{"line":36,"column":null}},"2":{"start":{"line":8,"column":21},"end":{"line":8,"column":null}},"3":{"start":{"line":9,"column":6},"end":{"line":9,"column":null}},"4":{"start":{"line":9,"column":19},"end":{"line":9,"column":null}},"5":{"start":{"line":11,"column":19},"end":{"line":16,"column":8}},"6":{"start":{"line":18,"column":6},"end":{"line":18,"column":null}},"7":{"start":{"line":18,"column":17},"end":{"line":18,"column":null}},"8":{"start":{"line":20,"column":6},"end":{"line":34,"column":null}},"9":{"start":{"line":36,"column":6},"end":{"line":36,"column":null}},"10":{"start":{"line":41,"column":4},"end":{"line":78,"column":null}},"11":{"start":{"line":42,"column":21},"end":{"line":42,"column":null}},"12":{"start":{"line":43,"column":6},"end":{"line":43,"column":null}},"13":{"start":{"line":43,"column":19},"end":{"line":43,"column":null}},"14":{"start":{"line":45,"column":40},"end":{"line":45,"column":null}},"15":{"start":{"line":47,"column":26},"end":{"line":61,"column":8}},"16":{"start":{"line":63,"column":6},"end":{"line":76,"column":null}},"17":{"start":{"line":78,"column":6},"end":{"line":78,"column":null}}},"fnMap":{"0":{"name":"(anonymous_0)","decl":{"start":{"line":6,"column":8},"end":{"line":6,"column":14}},"loc":{"start":{"line":6,"column":63},"end":{"line":36,"column":null}},"line":6},"1":{"name":"(anonymous_1)","decl":{"start":{"line":40,"column":8},"end":{"line":40,"column":17}},"loc":{"start":{"line":40,"column":66},"end":{"line":78,"column":null}},"line":40}},"branchMap":{"0":{"loc":{"start":{"line":9,"column":6},"end":{"line":9,"column":null}},"type":"if","locations":[{"start":{"line":9,"column":6},"end":{"line":9,"column":null}},{"start":{},"end":{}}],"line":9},"1":{"loc":{"start":{"line":18,"column":6},"end":{"line":18,"column":null}},"type":"if","locations":[{"start":{"line":18,"column":6},"end":{"line":18,"column":null}},{"start":{},"end":{}}],"line":18},"2":{"loc":{"start":{"line":43,"column":6},"end":{"line":43,"column":null}},"type":"if","locations":[{"start":{"line":43,"column":6},"end":{"line":43,"column":null}},{"start":{},"end":{}}],"line":43},"3":{"loc":{"start":{"line":52,"column":14},"end":{"line":56,"column":null}},"type":"cond-expr","locations":[{"start":{"line":52,"column":53},"end":{"line":55,"column":null}},{"start":{"line":56,"column":14},"end":{"line":56,"column":null}}],"line":52},"4":{"loc":{"start":{"line":52,"column":14},"end":{"line":52,"column":53}},"type":"binary-expr","locations":[{"start":{"line":52,"column":14},"end":{"line":52,"column":45}},{"start":{"line":52,"column":45},"end":{"line":52,"column":53}}],"line":52}},"s":{"0":3,"1":0,"2":0,"3":0,"4":0,"5":0,"6":0,"7":0,"8":0,"9":0,"10":0,"11":0,"12":0,"13":0,"14":0,"15":0,"16":0,"17":0},"f":{"0":0,"1":0},"b":{"0":[0,0],"1":[0,0],"2":[0,0],"3":[0,0],"4":[0,0]},"meta":{"lastBranch":5,"lastFunction":2,"lastStatement":18,"seen":{"s:5:30:81:Infinity":0,"f:6:8:6:14":0,"s:7:4:36:Infinity":1,"s:8:21:8:Infinity":2,"b:9:6:9:Infinity:undefined:undefined:undefined:undefined":0,"s:9:6:9:Infinity":3,"s:9:19:9:Infinity":4,"s:11:19:16:8":5,"b:18:6:18:Infinity:undefined:undefined:undefined:undefined":1,"s:18:6:18:Infinity":6,"s:18:17:18:Infinity":7,"s:20:6:34:Infinity":8,"s:36:6:36:Infinity":9,"f:40:8:40:17":1,"s:41:4:78:Infinity":10,"s:42:21:42:Infinity":11,"b:43:6:43:Infinity:undefined:undefined:undefined:undefined":2,"s:43:6:43:Infinity":12,"s:43:19:43:Infinity":13,"s:45:40:45:Infinity":14,"s:47:26:61:8":15,"b:52:53:55:Infinity:56:14:56:Infinity":3,"b:52:14:52:45:52:45:52:53":4,"s:63:6:76:Infinity":16,"s:78:6:78:Infinity":17}}}
,"C:\\Users\\Yash\\Desktop\\AGCL\\CompailanceOS\\backend\\src\\middlewares\\auth.middleware.ts": {"path":"C:\\Users\\Yash\\Desktop\\AGCL\\CompailanceOS\\backend\\src\\middlewares\\auth.middleware.ts","statementMap":{"0":{"start":{"line":13,"column":13},"end":{"line":30,"column":null}},"1":{"start":{"line":14,"column":2},"end":{"line":30,"column":null}},"2":{"start":{"line":15,"column":23},"end":{"line":15,"column":null}},"3":{"start":{"line":16,"column":4},"end":{"line":17,"column":null}},"4":{"start":{"line":17,"column":6},"end":{"line":17,"column":null}},"5":{"start":{"line":20,"column":18},"end":{"line":20,"column":null}},"6":{"start":{"line":21,"column":10},"end":{"line":21,"column":48}},"7":{"start":{"line":23,"column":4},"end":{"line":24,"column":null}},"8":{"start":{"line":24,"column":6},"end":{"line":24,"column":null}},"9":{"start":{"line":27,"column":4},"end":{"line":27,"column":null}},"10":{"start":{"line":28,"column":4},"end":{"line":28,"column":null}},"11":{"start":{"line":30,"column":4},"end":{"line":30,"column":null}}},"fnMap":{"0":{"name":"(anonymous_0)","decl":{"start":{"line":13,"column":13},"end":{"line":13,"column":29}},"loc":{"start":{"line":13,"column":81},"end":{"line":30,"column":null}},"line":13}},"branchMap":{"0":{"loc":{"start":{"line":16,"column":4},"end":{"line":17,"column":null}},"type":"if","locations":[{"start":{"line":16,"column":4},"end":{"line":17,"column":null}},{"start":{},"end":{}}],"line":16},"1":{"loc":{"start":{"line":16,"column":8},"end":{"line":16,"column":56}},"type":"binary-expr","locations":[{"start":{"line":16,"column":8},"end":{"line":16,"column":23}},{"start":{"line":16,"column":23},"end":{"line":16,"column":56}}],"line":16},"2":{"loc":{"start":{"line":23,"column":4},"end":{"line":24,"column":null}},"type":"if","locations":[{"start":{"line":23,"column":4},"end":{"line":24,"column":null}},{"start":{},"end":{}}],"line":23}},"s":{"0":3,"1":5,"2":5,"3":5,"4":1,"5":4,"6":4,"7":4,"8":0,"9":4,"10":4,"11":1},"f":{"0":5},"b":{"0":[1,4],"1":[5,4],"2":[0,4]},"meta":{"lastBranch":3,"lastFunction":1,"lastStatement":12,"seen":{"s:13:13:30:Infinity":0,"f:13:13:13:29":0,"s:14:2:30:Infinity":1,"s:15:23:15:Infinity":2,"b:16:4:17:Infinity:undefined:undefined:undefined:undefined":0,"s:16:4:17:Infinity":3,"b:16:8:16:23:16:23:16:56":1,"s:17:6:17:Infinity":4,"s:20:18:20:Infinity":5,"s:21:10:21:48":6,"b:23:4:24:Infinity:undefined:undefined:undefined:undefined":2,"s:23:4:24:Infinity":7,"s:24:6:24:Infinity":8,"s:27:4:27:Infinity":9,"s:28:4:28:Infinity":10,"s:30:4:30:Infinity":11}}}
,"C:\\Users\\Yash\\Desktop\\AGCL\\CompailanceOS\\backend\\src\\middlewares\\error.middleware.ts": {"path":"C:\\Users\\Yash\\Desktop\\AGCL\\CompailanceOS\\backend\\src\\middlewares\\error.middleware.ts","statementMap":{"0":{"start":{"line":5,"column":13},"end":{"line":9,"column":null}},"1":{"start":{"line":6,"column":2},"end":{"line":9,"column":null}},"2":{"start":{"line":13,"column":13},"end":{"line":26,"column":null}},"3":{"start":{"line":14,"column":21},"end":{"line":14,"column":null}},"4":{"start":{"line":15,"column":18},"end":{"line":15,"column":null}},"5":{"start":{"line":17,"column":2},"end":{"line":17,"column":null}},"6":{"start":{"line":18,"column":2},"end":{"line":19,"column":null}},"7":{"start":{"line":19,"column":4},"end":{"line":19,"column":null}},"8":{"start":{"line":22,"column":2},"end":{"line":26,"column":null}}},"fnMap":{"0":{"name":"(anonymous_0)","decl":{"start":{"line":5,"column":13},"end":{"line":5,"column":32}},"loc":{"start":{"line":5,"column":84},"end":{"line":9,"column":null}},"line":5},"1":{"name":"(anonymous_1)","decl":{"start":{"line":13,"column":13},"end":{"line":13,"column":29}},"loc":{"start":{"line":13,"column":91},"end":{"line":26,"column":null}},"line":13}},"branchMap":{"0":{"loc":{"start":{"line":14,"column":21},"end":{"line":14,"column":null}},"type":"binary-expr","locations":[{"start":{"line":14,"column":21},"end":{"line":14,"column":39}},{"start":{"line":14,"column":39},"end":{"line":14,"column":null}}],"line":14},"1":{"loc":{"start":{"line":15,"column":18},"end":{"line":15,"column":null}},"type":"binary-expr","locations":[{"start":{"line":15,"column":18},"end":{"line":15,"column":33}},{"start":{"line":15,"column":33},"end":{"line":15,"column":null}}],"line":15},"2":{"loc":{"start":{"line":18,"column":2},"end":{"line":19,"column":null}},"type":"if","locations":[{"start":{"line":18,"column":2},"end":{"line":19,"column":null}},{"start":{},"end":{}}],"line":18},"3":{"loc":{"start":{"line":25,"column":4},"end":{"line":25,"column":null}},"type":"binary-expr","locations":[{"start":{"line":25,"column":4},"end":{"line":25,"column":50}},{"start":{"line":25,"column":50},"end":{"line":25,"column":null}}],"line":25}},"s":{"0":3,"1":0,"2":3,"3":1,"4":1,"5":1,"6":1,"7":1,"8":1},"f":{"0":0,"1":1},"b":{"0":[1,0],"1":[1,0],"2":[1,0],"3":[1,0]},"meta":{"lastBranch":4,"lastFunction":2,"lastStatement":9,"seen":{"s:5:13:9:Infinity":0,"f:5:13:5:32":0,"s:6:2:9:Infinity":1,"s:13:13:26:Infinity":2,"f:13:13:13:29":1,"s:14:21:14:Infinity":3,"b:14:21:14:39:14:39:14:Infinity":0,"s:15:18:15:Infinity":4,"b:15:18:15:33:15:33:15:Infinity":1,"s:17:2:17:Infinity":5,"b:18:2:19:Infinity:undefined:undefined:undefined:undefined":2,"s:18:2:19:Infinity":6,"s:19:4:19:Infinity":7,"s:22:2:26:Infinity":8,"b:25:4:25:50:25:50:25:Infinity":3}}}
[...]
olumn":4},"end":{"line":173,"column":null}},"33":{"start":{"line":173,"column":15},"end":{"line":173,"column":null}},"34":{"start":{"line":174,"column":4},"end":{"line":174,"column":null}},"35":{"start":{"line":178,"column":16},"end":{"line":178,"column":26}},"36":{"start":{"line":179,"column":17},"end":{"line":179,"column":34}},"37":{"start":{"line":180,"column":18},"end":{"line":180,"column":32}},"38":{"start":{"line":183,"column":4},"end":{"line":186,"column":null}},"39":{"start":{"line":184,"column":6},"end":{"line":184,"column":null}},"40":{"start":{"line":186,"column":6},"end":{"line":186,"column":null}},"41":{"start":{"line":191,"column":20},"end":{"line":191,"column":61}},"42":{"start":{"line":193,"column":4},"end":{"line":258,"column":null}},"43":{"start":{"line":195,"column":8},"end":{"line":210,"column":null}},"44":{"start":{"line":214,"column":8},"end":{"line":236,"column":null}},"45":{"start":{"line":239,"column":8},"end":{"line":247,"column":null}},"46":{"start":{"line":250,"column":8},"end":{"line":258,"column":null}}},"fnMap":{"0":{"name":"(anonymous_0)","decl":{"start":{"line":11,"column":15},"end":{"line":11,"column":35}},"loc":{"start":{"line":11,"column":110},"end":{"line":27,"column":null}},"line":11},"1":{"name":"(anonymous_1)","decl":{"start":{"line":16,"column":18},"end":{"line":16,"column":22}},"loc":{"start":{"line":16,"column":31},"end":{"line":26,"column":9}},"line":16},"2":{"name":"(anonymous_2)","decl":{"start":{"line":30,"column":15},"end":{"line":30,"column":26}},"loc":{"start":{"line":30,"column":51},"end":{"line":37,"column":null}},"line":30},"3":{"name":"(anonymous_3)","decl":{"start":{"line":40,"column":15},"end":{"line":40,"column":26}},"loc":{"start":{"line":40,"column":67},"end":{"line":45,"column":null}},"line":40},"4":{"name":"(anonymous_4)","decl":{"start":{"line":48,"column":15},"end":{"line":48,"column":26}},"loc":{"start":{"line":48,"column":56},"end":{"line":52,"column":null}},"line":48},"5":{"name":"(anonymous_5)","decl":{"start":{"line":55,"column":15},"end":{"line":55,"column":31}},"loc":{"start":{"line":55,"column":73},"end":{"line":74,"column":null}},"line":55},"6":{"name":"(anonymous_6)","decl":{"start":{"line":77,"column":15},"end":{"line":77,"column":29}},"loc":{"start":{"line":77,"column":61},"end":{"line":95,"column":null}},"line":77},"7":{"name":"(anonymous_7)","decl":{"start":{"line":98,"column":15},"end":{"line":98,"column":34}},"loc":{"start":{"line":98,"column":50},"end":{"line":133,"column":null}},"line":98},"8":{"name":"(anonymous_8)","decl":{"start":{"line":124,"column":33},"end":{"line":124,"column":41}},"loc":{"start":{"line":124,"column":60},"end":{"line":127,"column":9}},"line":124},"9":{"name":"(anonymous_9)","decl":{"start":{"line":136,"column":15},"end":{"line":136,"column":26}},"loc":{"start":{"line":136,"column":93},"end":{"line":144,"column":null}},"line":136},"10":{"name":"(anonymous_10)","decl":{"start":{"line":147,"column":15},"end":{"line":147,"column":29}},"loc":{"start":{"line":147,"column":59},"end":{"line":174,"column":null}},"line":147},"11":{"name":"(anonymous_11)","decl":{"start":{"line":177,"column":17},"end":{"line":177,"column":40}},"loc":{"start":{"line":177,"column":40},"end":{"line":186,"column":null}},"line":177},"12":{"name":"(anonymous_12)","decl":{"start":{"line":190,"column":17},"end":{"line":190,"column":43}},"loc":{"start":{"line":190,"column":69},"end":{"line":258,"column":null}},"line":190}},"branchMap":{"0":{"loc":{"start":{"line":11,"column":92},"end":{"line":11,"column":110}},"type":"default-arg","locations":[{"start":{"line":11,"column":102},"end":{"line":11,"column":110}}],"line":11},"1":{"loc":{"start":{"line":35,"column":16},"end":{"line":35,"column":null}},"type":"binary-expr","locations":[{"start":{"line":35,"column":16},"end":{"line":35,"column":31}},{"start":{"line":35,"column":31},"end":{"line":35,"column":null}}],"line":35},"2":{"loc":{"start":{"line":63,"column":6},"end":{"line":67,"column":null}},"type":"if","locations":[{"start":{"line":63,"column":6},"end":{"line":67,"column":null}},{"start":{},"end":{}}],"line":63},"3":{"loc":{"start":{"line":67,"column":8},"end":{"line":67,"column":null}},"type":"if","locations":[{"start":{"line":67,"column":8},"end":{"line":67,"column":null}},{"start":{},"end":{}}],"line":67},"4":{"loc":{"start":{"line":70,"column":48},"end":{"line":70,"column":83}},"type":"binary-expr","locations":[{"start":{"line":70,"column":48},"end":{"line":70,"column":74}},{"start":{"line":70,"column":74},"end":{"line":70,"column":83}}],"line":70},"5":{"loc":{"start":{"line":94,"column":4},"end":{"line":94,"column":null}},"type":"if","locations":[{"start":{"line":94,"column":4},"end":{"line":94,"column":null}},{"start":{},"end":{}}],"line":94},"6":{"loc":{"start":{"line":102,"column":4},"end":{"line":102,"column":null}},"type":"if","locations":[{"start":{"line":102,"column":4},"end":{"line":102,"column":null}},{"start":{},"end":{}}],"line":102},"7":{"loc":{"start":{"line":132,"column":14},"end":{"line":132,"column":null}},"type":"binary-expr","locations":[{"start":{"line":132,"column":14},"end":{"line":132,"column":49}},{"start":{"line":132,"column":49},"end":{"line":132,"column":null}}],"line":132},"8":{"loc":{"start":{"line":140,"column":12},"end":{"line":140,"column":56}},"type":"binary-expr","locations":[{"start":{"line":140,"column":12},"end":{"line":140,"column":30}},{"start":{"line":140,"column":30},"end":{"line":140,"column":56}}],"line":140},"9":{"loc":{"start":{"line":141,"column":12},"end":{"line":141,"column":null}},"type":"binary-expr","locations":[{"start":{"line":141,"column":12},"end":{"line":141,"column":32}},{"start":{"line":141,"column":32},"end":{"line":141,"column":null}}],"line":141},"10":{"loc":{"start":{"line":173,"column":4},"end":{"line":173,"column":null}},"type":"if","locations":[{"start":{"line":173,"column":4},"end":{"line":173,"column":null}},{"start":{},"end":{}}],"line":173},"11":{"loc":{"start":{"line":183,"column":4},"end":{"line":186,"column":null}},"type":"if","locations":[{"start":{"line":183,"column":4},"end":{"line":186,"column":null}},{"start":{"line":185,"column":11},"end":{"line":186,"column":null}}],"line":183},"12":{"loc":{"start":{"line":193,"column":4},"end":{"line":258,"column":null}},"type":"switch","locations":[{"start":{"line":194,"column":6},"end":{"line":210,"column":null}},{"start":{"line":212,"column":6},"end":{"line":212,"column":null}},{"start":{"line":213,"column":6},"end":{"line":236,"column":null}},{"start":{"line":238,"column":6},"end":{"line":247,"column":null}},{"start":{"line":249,"column":6},"end":{"line":258,"column":null}}],"line":193}},"s":{"0":4,"1":4,"2":4,"3":9,"4":1,"5":0,"6":0,"7":0,"8":1,"9":1,"10":1,"11":2,"12":2,"13":2,"14":0,"15":2,"16":2,"17":1,"18":1,"19":1,"20":0,"21":1,"22":2,"23":2,"24":1,"25":1,"26":1,"27":2,"28":2,"29":1,"30":1,"31":1,"32":1,"33":0,"34":1,"35":4,"36":4,"37":4,"38":4,"39":4,"40":0,"41":4,"42":4,"43":1,"44":2,"45":0,"46":1},"f":{"0":4,"1":9,"2":4,"3":4,"4":4,"5":4,"6":4,"7":4,"8":2,"9":4,"10":4,"11":4,"12":4},"b":{"0":[4],"1":[1,1],"2":[2,0],"3":[0,2],"4":[2,0],"5":[0,1],"6":[1,1],"7":[1,0],"8":[1,0],"9":[1,0],"10":[0,1],"11":[4,0],"12":[1,1,2,0,1]},"meta":{"lastBranch":13,"lastFunction":13,"lastStatement":47,"seen":{"f:11:15:11:35":0,"b:11:102:11:110":0,"s:12:15:12:34":0,"s:13:18:13:69":1,"s:15:4:27:Infinity":2,"f:16:18:16:22":1,"s:16:31:26:9":3,"f:30:15:30:26":2,"s:31:4:37:Infinity":4,"b:35:16:35:31:35:31:35:Infinity":1,"f:40:15:40:26":3,"s:42:4:45:Infinity":5,"f:48:15:48:26":4,"s:49:4:51:Infinity":6,"s:52:4:52:Infinity":7,"f:55:15:55:31":5,"s:56:20:58:6":8,"s:60:23:60:Infinity":9,"s:61:4:71:Infinity":10,"b:63:6:67:Infinity:undefined:undefined:undefined:undefined":2,"s:63:6:67:Infinity":11,"s:64:25:66:10":12,"b:67:8:67:Infinity:undefined:undefined:undefined:undefined":3,"s:67:8:67:Infinity":13,"s:67:22:67:Infinity":14,"s:70:6:70:Infinity":15,"b:70:48:70:74:70:74:70:83":4,"s:71:6:71:Infinity":16,"s:74:4:74:Infinity":17,"f:77:15:77:29":6,"s:78:17:92:6":18,"b:94:4:94:Infinity:undefined:undefined:undefined:undefined":5,"s:94:4:94:Infinity":19,"s:94:15:94:Infinity":20,"s:95:4:95:Infinity":21,"f:98:15:98:34":7,"s:99:19:101:6":22,"b:102:4:102:Infinity:undefined:undefined:undefined:undefined":6,"s:102:4:102:Infinity":23,"s:102:17:102:Infinity":24,"s:104:44:122:6":25,"s:124:27:127:10":26,"f:124:33:124:41":8,"s:125:6:125:Infinity":27,"s:126:6:126:Infinity":28,"s:129:4:133:Infinity":29,"b:132:14:132:49:132:49:132:Infinity":7,"f:136:15:136:26":9,"s:137:4:144:Infinity":30,"b:140:12:140:30:140:30:140:56":8,"b:141:12:141:32:141:32:141:Infinity":9,"f:147:15:147:29":10,"s:148:17:171:6":31,"b:173:4:173:Infinity:undefined:undefined:undefined:undefined":10,"s:173:4:173:Infinity":32,"s:173:15:173:Infinity":33,"s:174:4:174:Infinity":34,"f:177:17:177:40":11,"s:178:16:178:26":35,"s:179:17:179:34":36,"s:180:18:180:32":37,"b:183:4:186:Infinity:185:11:186:Infinity":11,"s:183:4:186:Infinity":38,"s:184:6:184:Infinity":39,"s:186:6:186:Infinity":40,"f:190:17:190:43":12,"s:191:20:191:61":41,"b:194:6:210:Infinity:212:6:212:Infinity:213:6:236:Infinity:238:6:247:Infinity:249:6:258:Infinity":12,"s:193:4:258:Infinity":42,"s:195:8:210:Infinity":43,"s:214:8:236:Infinity":44,"s:239:8:247:Infinity":45,"s:250:8:258:Infinity":46}}}
,"C:\\Users\\Yash\\Desktop\\AGCL\\CompailanceOS\\backend\\src\\tests\\factories.ts": {"path":"C:\\Users\\Yash\\Desktop\\AGCL\\CompailanceOS\\backend\\src\\tests\\factories.ts","statementMap":{"0":{"start":{"line":3,"column":13},"end":{"line":11,"column":null}},"1":{"start":{"line":3,"column":51},"end":{"line":11,"column":null}},"2":{"start":{"line":13,"column":13},"end":{"line":27,"column":null}},"3":{"start":{"line":13,"column":51},"end":{"line":27,"column":null}},"4":{"start":{"line":29,"column":13},"end":{"line":42,"column":null}},"5":{"start":{"line":29,"column":55},"end":{"line":42,"column":null}}},"fnMap":{"0":{"name":"(anonymous_0)","decl":{"start":{"line":3,"column":13},"end":{"line":3,"column":31}},"loc":{"start":{"line":3,"column":51},"end":{"line":11,"column":null}},"line":3},"1":{"name":"(anonymous_1)","decl":{"start":{"line":13,"column":13},"end":{"line":13,"column":31}},"loc":{"start":{"line":13,"column":51},"end":{"line":27,"column":null}},"line":13},"2":{"name":"(anonymous_2)","decl":{"start":{"line":29,"column":13},"end":{"line":29,"column":35}},"loc":{"start":{"line":29,"column":55},"end":{"line":42,"column":null}},"line":29}},"branchMap":{"0":{"loc":{"start":{"line":3,"column":31},"end":{"line":3,"column":45}},"type":"default-arg","locations":[{"start":{"line":3,"column":43},"end":{"line":3,"column":45}}],"line":3},"1":{"loc":{"start":{"line":13,"column":31},"end":{"line":13,"column":45}},"type":"default-arg","locations":[{"start":{"line":13,"column":43},"end":{"line":13,"column":45}}],"line":13},"2":{"loc":{"start":{"line":29,"column":35},"end":{"line":29,"column":49}},"type":"default-arg","locations":[{"start":{"line":29,"column":47},"end":{"line":29,"column":49}}],"line":29}},"s":{"0":2,"1":0,"2":2,"3":2,"4":2,"5":4},"f":{"0":0,"1":2,"2":4},"b":{"0":[0],"1":[2],"2":[4]},"meta":{"lastBranch":3,"lastFunction":3,"lastStatement":6,"seen":{"s:3:13:11:Infinity":0,"f:3:13:3:31":0,"s:3:51:11:Infinity":1,"b:3:43:3:45":0,"s:13:13:27:Infinity":2,"f:13:13:13:31":1,"s:13:51:27:Infinity":3,"b:13:43:13:45":1,"s:29:13:42:Infinity":4,"f:29:13:29:35":2,"s:29:55:42:Infinity":5,"b:29:47:29:49":2}}}
,"C:\\Users\\Yash\\Desktop\\AGCL\\CompailanceOS\\backend\\src\\utils\\ApiError.ts": {"path":"C:\\Users\\Yash\\Desktop\\AGCL\\CompailanceOS\\backend\\src\\utils\\ApiError.ts","statementMap":{"0":{"start":{"line":6,"column":4},"end":{"line":6,"column":null}},"1":{"start":{"line":7,"column":4},"end":{"line":7,"column":null}},"2":{"start":{"line":8,"column":4},"end":{"line":8,"column":null}},"3":{"start":{"line":9,"column":4},"end":{"line":12,"column":null}},"4":{"start":{"line":10,"column":6},"end":{"line":10,"column":null}},"5":{"start":{"line":12,"column":6},"end":{"line":12,"column":null}}},"fnMap":{"0":{"name":"(anonymous_0)","decl":{"start":{"line":5,"column":2},"end":{"line":5,"column":14}},"loc":{"start":{"line":5,"column":85},"end":{"line":12,"column":null}},"line":5}},"branchMap":{"0":{"loc":{"start":{"line":5,"column":51},"end":{"line":5,"column":73}},"type":"default-arg","locations":[{"start":{"line":5,"column":67},"end":{"line":5,"column":73}}],"line":5},"1":{"loc":{"start":{"line":5,"column":73},"end":{"line":5,"column":85}},"type":"default-arg","locations":[{"start":{"line":5,"column":81},"end":{"line":5,"column":85}}],"line":5},"2":{"loc":{"start":{"line":9,"column":4},"end":{"line":12,"column":null}},"type":"if","locations":[{"start":{"line":9,"column":4},"end":{"line":12,"column":null}},{"start":{"line":11,"column":11},"end":{"line":12,"column":null}}],"line":9}},"s":{"0":7,"1":7,"2":7,"3":7,"4":0,"5":7},"f":{"0":7},"b":{"0":[7],"1":[7],"2":[0,7]},"meta":{"lastBranch":3,"lastFunction":1,"lastStatement":6,"seen":{"f:5:2:5:14":0,"b:5:67:5:73":0,"b:5:81:5:85":1,"s:6:4:6:Infinity":0,"s:7:4:7:Infinity":1,"s:8:4:8:Infinity":2,"b:9:4:12:Infinity:11:11:12:Infinity":2,"s:9:4:12:Infinity":3,"s:10:6:10:Infinity":4,"s:12:6:12:Infinity":5}}}
,"C:\\Users\\Yash\\Desktop\\AGCL\\CompailanceOS\\backend\\src\\utils\\jwt.ts": {"path":"C:\\Users\\Yash\\Desktop\\AGCL\\CompailanceOS\\backend\\src\\utils\\jwt.ts","statementMap":{"0":{"start":{"line":12,"column":13},"end":{"line":21,"column":null}},"1":{"start":{"line":13,"column":20},"end":{"line":13,"column":null}},"2":{"start":{"line":14,"column":32},"end":{"line":19,"column":null}},"3":{"start":{"line":21,"column":2},"end":{"line":21,"column":null}},"4":{"start":{"line":24,"column":13},"end":{"line":32,"column":null}},"5":{"start":{"line":25,"column":2},"end":{"line":32,"column":null}},"6":{"start":{"line":26,"column":20},"end":{"line":26,"column":53}},"7":{"start":{"line":27,"column":4},"end":{"line":28,"column":null}},"8":{"start":{"line":28,"column":6},"end":{"line":28,"column":null}},"9":{"start":{"line":30,"column":4},"end":{"line":30,"column":null}},"10":{"start":{"line":32,"column":4},"end":{"line":32,"column":null}}},"fnMap":{"0":{"name":"(anonymous_0)","decl":{"start":{"line":12,"column":13},"end":{"line":12,"column":30}},"loc":{"start":{"line":12,"column":121},"end":{"line":21,"column":null}},"line":12},"1":{"name":"(anonymous_1)","decl":{"start":{"line":24,"column":13},"end":{"line":24,"column":28}},"loc":{"start":{"line":24,"column":103},"end":{"line":32,"column":null}},"line":24}},"branchMap":{"0":{"loc":{"start":{"line":13,"column":20},"end":{"line":13,"column":null}},"type":"cond-expr","locations":[{"start":{"line":13,"column":40},"end":{"line":13,"column":48}},{"start":{"line":13,"column":48},"end":{"line":13,"column":null}}],"line":13},"1":{"loc":{"start":{"line":18,"column":12},"end":{"line":18,"column":null}},"type":"binary-expr","locations":[{"start":{"line":18,"column":12},"end":{"line":18,"column":22}},{"start":{"line":18,"column":22},"end":{"line":18,"column":null}}],"line":18},"2":{"loc":{"start":{"line":27,"column":4},"end":{"line":28,"column":null}},"type":"if","locations":[{"start":{"line":27,"column":4},"end":{"line":28,"column":null}},{"start":{},"end":{}}],"line":27}},"s":{"0":4,"1":4,"2":4,"3":4,"4":4,"5":7,"6":7,"7":7,"8":1,"9":5,"10":2},"f":{"0":4,"1":7},"b":{"0":[3,1],"1":[4,4],"2":[1,6]},"meta":{"lastBranch":3,"lastFunction":2,"lastStatement":11,"seen":{"s:12:13:21:Infinity":0,"f:12:13:12:30":0,"s:13:20:13:Infinity":1,"b:13:40:13:48:13:48:13:Infinity":0,"s:14:32:19:Infinity":2,"b:18:12:18:22:18:22:18:Infinity":1,"s:21:2:21:Infinity":3,"s:24:13:32:Infinity":4,"f:24:13:24:28":1,"s:25:2:32:Infinity":5,"s:26:20:26:53":6,"b:27:4:28:Infinity:undefined:undefined:undefined:undefined":2,"s:27:4:28:Infinity":7,"s:28:6:28:Infinity":8,"s:30:4:30:Infinity":9,"s:32:4:32:Infinity":10}}}
,"C:\\Users\\Yash\\Desktop\\AGCL\\CompailanceOS\\backend\\src\\utils\\logger.ts": {"path":"C:\\Users\\Yash\\Desktop\\AGCL\\CompailanceOS\\backend\\src\\utils\\logger.ts","statementMap":{"0":{"start":{"line":4,"column":29},"end":{"line":9,"column":null}},"1":{"start":{"line":5,"column":2},"end":{"line":6,"column":null}},"2":{"start":{"line":6,"column":4},"end":{"line":6,"column":null}},"3":{"start":{"line":8,"column":2},"end":{"line":8,"column":null}},"4":{"start":{"line":11,"column":22},"end":{"line":24,"column":2}},"5":{"start":{"line":17,"column":50},"end":{"line":17,"column":73}}},"fnMap":{"0":{"name":"(anonymous_0)","decl":{"start":{"line":4,"column":37},"end":{"line":4,"column":45}},"loc":{"start":{"line":4,"column":54},"end":{"line":9,"column":null}},"line":4},"1":{"name":"(anonymous_1)","decl":{"start":{"line":17,"column":19},"end":{"line":17,"column":27}},"loc":{"start":{"line":17,"column":50},"end":{"line":17,"column":73}},"line":17}},"branchMap":{"0":{"loc":{"start":{"line":5,"column":2},"end":{"line":6,"column":null}},"type":"if","locations":[{"start":{"line":5,"column":2},"end":{"line":6,"column":null}},{"start":{},"end":{}}],"line":5},"1":{"loc":{"start":{"line":15,"column":4},"end":{"line":15,"column":92}},"type":"cond-expr","locations":[{"start":{"line":15,"column":37},"end":{"line":15,"column":62}},{"start":{"line":15,"column":65},"end":{"line":15,"column":92}}],"line":15}},"s":{"0":3,"1":5,"2":0,"3":5,"4":3,"5":5},"f":{"0":5,"1":5},"b":{"0":[0,5],"1":[0,3]},"meta":{"lastBranch":2,"lastFunction":2,"lastStatement":6,"seen":{"s:4:29:9:Infinity":0,"f:4:37:4:45":0,"b:5:2:6:Infinity:undefined:undefined:undefined:undefined":0,"s:5:2:6:Infinity":1,"s:6:4:6:Infinity":2,"s:8:2:8:Infinity":3,"s:11:22:24:2":4,"b:15:37:15:62:15:65:15:92":1,"f:17:19:17:27":1,"s:17:50:17:73":5}}}
,"C:\\Users\\Yash\\Desktop\\AGCL\\CompailanceOS\\backend\\src\\utils\\password.ts": {"path":"C:\\Users\\Yash\\Desktop\\AGCL\\CompailanceOS\\backend\\src\\utils\\password.ts","statementMap":{"0":{"start":{"line":3,"column":20},"end":{"line":3,"column":null}},"1":{"start":{"line":5,"column":28},"end":{"line":7,"column":null}},"2":{"start":{"line":6,"column":15},"end":{"line":6,"column":48}},"3":{"start":{"line":7,"column":2},"end":{"line":7,"column":null}},"4":{"start":{"line":10,"column":31},"end":{"line":11,"column":null}},"5":{"start":{"line":11,"column":2},"end":{"line":11,"column":null}}},"fnMap":{"0":{"name":"(anonymous_0)","decl":{"start":{"line":5,"column":28},"end":{"line":5,"column":35}},"loc":{"start":{"line":5,"column":73},"end":{"line":7,"column":null}},"line":5},"1":{"name":"(anonymous_1)","decl":{"start":{"line":10,"column":31},"end":{"line":10,"column":38}},"loc":{"start":{"line":10,"column":91},"end":{"line":11,"column":null}},"line":10}},"branchMap":{},"s":{"0":4,"1":4,"2":1,"3":1,"4":4,"5":2},"f":{"0":1,"1":2},"b":{},"meta":{"lastBranch":0,"lastFunction":2,"lastStatement":6,"seen":{"s:3:20:3:Infinity":0,"s:5:28:7:Infinity":1,"f:5:28:5:35":0,"s:6:15:6:48":2,"s:7:2:7:Infinity":3,"s:10:31:11:Infinity":4,"f:10:31:10:38":1,"s:11:2:11:Infinity":5}}}
,"C:\\Users\\Yash\\Desktop\\AGCL\\CompailanceOS\\backend\\src\\validators\\auth.validator.ts": {"path":"C:\\Users\\Yash\\Desktop\\AGCL\\CompailanceOS\\backend\\src\\validators\\auth.validator.ts","statementMap":{"0":{"start":{"line":4,"column":27},"end":{"line":9,"column":2}},"1":{"start":{"line":11,"column":30},"end":{"line":20,"column":2}},"2":{"start":{"line":22,"column":32},"end":{"line":40,"column":2}},"3":{"start":{"line":42,"column":36},"end":{"line":46,"column":2}},"4":{"start":{"line":48,"column":35},"end":{"line":53,"column":2}},"5":{"start":{"line":55,"column":34},"end":{"line":62,"column":2}},"6":{"start":{"line":64,"column":33},"end":{"line":70,"column":2}},"7":{"start":{"line":72,"column":38},"end":{"line":87,"column":2}}},"fnMap":{},"branchMap":{},"s":{"0":3,"1":3,"2":3,"3":3,"4":3,"5":3,"6":3,"7":3},"f":{},"b":{},"meta":{"lastBranch":0,"lastFunction":0,"lastStatement":8,"seen":{"s:4:27:9:2":0,"s:11:30:20:2":1,"s:22:32:40:2":2,"s:42:36:46:2":3,"s:48:35:53:2":4,"s:55:34:62:2":5,"s:64:33:70:2":6,"s:72:38:87:2":7}}}
}
